2014-09-16 13:17:11,372 ERROR [Worker-4] - System.err - SLF4J: Failed to load class "org.slf4j.impl.StaticLoggerBinder".
2014-09-16 13:17:11,374 ERROR [Worker-4] - System.err - SLF4J: Defaulting to no-operation (NOP) logger implementation
2014-09-16 13:17:11,374 ERROR [Worker-4] - System.err - SLF4J: See http://www.slf4j.org/codes.html#StaticLoggerBinder for further details.
2014-09-17 20:58:51,665  WARN [main] - org.scala-ide.sdt.core - org.scala-ide.sdt.core - org.scala-ide.sdt.core - 0 - ProgramExecutor actor </Users/xiaolichen/Documents/Coding/Scala/Firstclass/src/week1/test.sc> self-healing...
java.lang.NullPointerException
	at org.scalaide.worksheet.runtime.ProgramExecutor$$anonfun$act$1$$anonfun$apply$1.applyOrElse(ProgramExecutor.scala:122)
	at scala.runtime.AbstractPartialFunction$mcVL$sp.apply$mcVL$sp(AbstractPartialFunction.scala:33)
	at scala.runtime.AbstractPartialFunction$mcVL$sp.apply(AbstractPartialFunction.scala:33)
	at scala.runtime.AbstractPartialFunction$mcVL$sp.apply(AbstractPartialFunction.scala:25)
	at scala.actors.ReactorTask.run(ReactorTask.scala:31)
	at scala.actors.Reactor$class.resumeReceiver(Reactor.scala:129)
	at org.scalaide.worksheet.runtime.ProgramExecutor.scala$actors$InternalReplyReactor$$super$resumeReceiver(ProgramExecutor.scala:100)
	at scala.actors.InternalReplyReactor$class.resumeReceiver(InternalReplyReactor.scala:59)
	at org.scalaide.worksheet.runtime.ProgramExecutor.resumeReceiver(ProgramExecutor.scala:100)
	at scala.actors.InternalActor$class.searchMailbox(InternalActor.scala:76)
	at org.scalaide.worksheet.runtime.ProgramExecutor.searchMailbox(ProgramExecutor.scala:100)
	at scala.actors.Reactor$$anonfun$startSearch$1$$anonfun$apply$mcV$sp$1.apply$mcV$sp(Reactor.scala:117)
	at scala.actors.Reactor$$anonfun$startSearch$1$$anonfun$apply$mcV$sp$1.apply(Reactor.scala:114)
	at scala.actors.Reactor$$anonfun$startSearch$1$$anonfun$apply$mcV$sp$1.apply(Reactor.scala:114)
	at scala.actors.ReactorTask.run(ReactorTask.scala:33)
	at scala.actors.ReactorTask.compute(ReactorTask.scala:63)
	at scala.concurrent.forkjoin.RecursiveAction.exec(RecursiveAction.java:160)
	at scala.concurrent.forkjoin.ForkJoinTask.doExec(ForkJoinTask.java:260)
	at scala.concurrent.forkjoin.ForkJoinPool$WorkQueue.runTask(ForkJoinPool.java:1339)
	at scala.concurrent.forkjoin.ForkJoinPool.runWorker(ForkJoinPool.java:1979)
	at scala.concurrent.forkjoin.ForkJoinWorkerThread.run(ForkJoinWorkerThread.java:107)
2014-09-17 20:59:45,268  WARN [main] - org.scala-ide.sdt.core - org.scala-ide.sdt.core - org.scala-ide.sdt.core - 0 - ProgramExecutor actor </Users/xiaolichen/Documents/Coding/Scala/Firstclass/src/week1/test.sc> self-healing...
java.lang.NullPointerException
	at org.scalaide.worksheet.runtime.ProgramExecutor$$anonfun$act$1$$anonfun$apply$1.applyOrElse(ProgramExecutor.scala:122)
	at scala.runtime.AbstractPartialFunction$mcVL$sp.apply$mcVL$sp(AbstractPartialFunction.scala:33)
	at scala.runtime.AbstractPartialFunction$mcVL$sp.apply(AbstractPartialFunction.scala:33)
	at scala.runtime.AbstractPartialFunction$mcVL$sp.apply(AbstractPartialFunction.scala:25)
	at scala.actors.ReactorTask.run(ReactorTask.scala:31)
	at scala.actors.Reactor$class.resumeReceiver(Reactor.scala:129)
	at org.scalaide.worksheet.runtime.ProgramExecutor.scala$actors$InternalReplyReactor$$super$resumeReceiver(ProgramExecutor.scala:100)
	at scala.actors.InternalReplyReactor$class.resumeReceiver(InternalReplyReactor.scala:59)
	at org.scalaide.worksheet.runtime.ProgramExecutor.resumeReceiver(ProgramExecutor.scala:100)
	at scala.actors.InternalActor$class.searchMailbox(InternalActor.scala:76)
	at org.scalaide.worksheet.runtime.ProgramExecutor.searchMailbox(ProgramExecutor.scala:100)
	at scala.actors.Reactor$$anonfun$startSearch$1$$anonfun$apply$mcV$sp$1.apply$mcV$sp(Reactor.scala:117)
	at scala.actors.Reactor$$anonfun$startSearch$1$$anonfun$apply$mcV$sp$1.apply(Reactor.scala:114)
	at scala.actors.Reactor$$anonfun$startSearch$1$$anonfun$apply$mcV$sp$1.apply(Reactor.scala:114)
	at scala.actors.ReactorTask.run(ReactorTask.scala:33)
	at scala.actors.ReactorTask.compute(ReactorTask.scala:63)
	at scala.concurrent.forkjoin.RecursiveAction.exec(RecursiveAction.java:160)
	at scala.concurrent.forkjoin.ForkJoinTask.doExec(ForkJoinTask.java:260)
	at scala.concurrent.forkjoin.ForkJoinPool$WorkQueue.runTask(ForkJoinPool.java:1339)
	at scala.concurrent.forkjoin.ForkJoinPool.runWorker(ForkJoinPool.java:1979)
	at scala.concurrent.forkjoin.ForkJoinWorkerThread.run(ForkJoinWorkerThread.java:107)
2014-09-17 20:59:55,432  WARN [main] - org.scala-ide.sdt.core - org.scala-ide.sdt.core - org.scala-ide.sdt.core - 0 - ProgramExecutor actor </Users/xiaolichen/Documents/Coding/Scala/Firstclass/src/week1/test.sc> self-healing...
java.lang.NullPointerException
	at org.scalaide.worksheet.runtime.ProgramExecutor$$anonfun$act$1$$anonfun$apply$1.applyOrElse(ProgramExecutor.scala:122)
	at scala.runtime.AbstractPartialFunction$mcVL$sp.apply$mcVL$sp(AbstractPartialFunction.scala:33)
	at scala.runtime.AbstractPartialFunction$mcVL$sp.apply(AbstractPartialFunction.scala:33)
	at scala.runtime.AbstractPartialFunction$mcVL$sp.apply(AbstractPartialFunction.scala:25)
	at scala.actors.ReactorTask.run(ReactorTask.scala:31)
	at scala.actors.Reactor$class.resumeReceiver(Reactor.scala:129)
	at org.scalaide.worksheet.runtime.ProgramExecutor.scala$actors$InternalReplyReactor$$super$resumeReceiver(ProgramExecutor.scala:100)
	at scala.actors.InternalReplyReactor$class.resumeReceiver(InternalReplyReactor.scala:59)
	at org.scalaide.worksheet.runtime.ProgramExecutor.resumeReceiver(ProgramExecutor.scala:100)
	at scala.actors.InternalActor$class.searchMailbox(InternalActor.scala:76)
	at org.scalaide.worksheet.runtime.ProgramExecutor.searchMailbox(ProgramExecutor.scala:100)
	at scala.actors.Reactor$$anonfun$startSearch$1$$anonfun$apply$mcV$sp$1.apply$mcV$sp(Reactor.scala:117)
	at scala.actors.Reactor$$anonfun$startSearch$1$$anonfun$apply$mcV$sp$1.apply(Reactor.scala:114)
	at scala.actors.Reactor$$anonfun$startSearch$1$$anonfun$apply$mcV$sp$1.apply(Reactor.scala:114)
	at scala.actors.ReactorTask.run(ReactorTask.scala:33)
	at scala.actors.ReactorTask.compute(ReactorTask.scala:63)
	at scala.concurrent.forkjoin.RecursiveAction.exec(RecursiveAction.java:160)
	at scala.concurrent.forkjoin.ForkJoinTask.doExec(ForkJoinTask.java:260)
	at scala.concurrent.forkjoin.ForkJoinPool$WorkQueue.runTask(ForkJoinPool.java:1339)
	at scala.concurrent.forkjoin.ForkJoinPool.runWorker(ForkJoinPool.java:1979)
	at scala.concurrent.forkjoin.ForkJoinWorkerThread.run(ForkJoinWorkerThread.java:107)
2014-09-17 21:00:53,237  WARN [main] - org.scala-ide.sdt.core - org.scala-ide.sdt.core - org.scala-ide.sdt.core - 0 - ProgramExecutor actor </Users/xiaolichen/Documents/Coding/Scala/hello/src/greeter/randomHello.sc> self-healing...
java.lang.NullPointerException
	at org.scalaide.worksheet.runtime.ProgramExecutor$$anonfun$act$1$$anonfun$apply$1.applyOrElse(ProgramExecutor.scala:122)
	at scala.runtime.AbstractPartialFunction$mcVL$sp.apply$mcVL$sp(AbstractPartialFunction.scala:33)
	at scala.runtime.AbstractPartialFunction$mcVL$sp.apply(AbstractPartialFunction.scala:33)
	at scala.runtime.AbstractPartialFunction$mcVL$sp.apply(AbstractPartialFunction.scala:25)
	at scala.actors.ReactorTask.run(ReactorTask.scala:31)
	at scala.actors.Reactor$class.resumeReceiver(Reactor.scala:129)
	at org.scalaide.worksheet.runtime.ProgramExecutor.scala$actors$InternalReplyReactor$$super$resumeReceiver(ProgramExecutor.scala:100)
	at scala.actors.InternalReplyReactor$class.resumeReceiver(InternalReplyReactor.scala:59)
	at org.scalaide.worksheet.runtime.ProgramExecutor.resumeReceiver(ProgramExecutor.scala:100)
	at scala.actors.InternalActor$class.searchMailbox(InternalActor.scala:76)
	at org.scalaide.worksheet.runtime.ProgramExecutor.searchMailbox(ProgramExecutor.scala:100)
	at scala.actors.Reactor$$anonfun$startSearch$1$$anonfun$apply$mcV$sp$1.apply$mcV$sp(Reactor.scala:117)
	at scala.actors.Reactor$$anonfun$startSearch$1$$anonfun$apply$mcV$sp$1.apply(Reactor.scala:114)
	at scala.actors.Reactor$$anonfun$startSearch$1$$anonfun$apply$mcV$sp$1.apply(Reactor.scala:114)
	at scala.actors.ReactorTask.run(ReactorTask.scala:33)
	at scala.actors.ReactorTask.compute(ReactorTask.scala:63)
	at scala.concurrent.forkjoin.RecursiveAction.exec(RecursiveAction.java:160)
	at scala.concurrent.forkjoin.ForkJoinTask.doExec(ForkJoinTask.java:260)
	at scala.concurrent.forkjoin.ForkJoinPool$WorkQueue.runTask(ForkJoinPool.java:1339)
	at scala.concurrent.forkjoin.ForkJoinPool.runWorker(ForkJoinPool.java:1979)
	at scala.concurrent.forkjoin.ForkJoinWorkerThread.run(ForkJoinWorkerThread.java:107)
2014-09-17 21:00:55,421  WARN [main] - org.scala-ide.sdt.core - org.scala-ide.sdt.core - org.scala-ide.sdt.core - 0 - ProgramExecutor actor </Users/xiaolichen/Documents/Coding/Scala/hello/src/greeter/randomHello.sc> self-healing...
java.lang.NullPointerException
	at org.scalaide.worksheet.runtime.ProgramExecutor$$anonfun$act$1$$anonfun$apply$1.applyOrElse(ProgramExecutor.scala:122)
	at scala.runtime.AbstractPartialFunction$mcVL$sp.apply$mcVL$sp(AbstractPartialFunction.scala:33)
	at scala.runtime.AbstractPartialFunction$mcVL$sp.apply(AbstractPartialFunction.scala:33)
	at scala.runtime.AbstractPartialFunction$mcVL$sp.apply(AbstractPartialFunction.scala:25)
	at scala.actors.ReactorTask.run(ReactorTask.scala:31)
	at scala.actors.Reactor$class.resumeReceiver(Reactor.scala:129)
	at org.scalaide.worksheet.runtime.ProgramExecutor.scala$actors$InternalReplyReactor$$super$resumeReceiver(ProgramExecutor.scala:100)
	at scala.actors.InternalReplyReactor$class.resumeReceiver(InternalReplyReactor.scala:59)
	at org.scalaide.worksheet.runtime.ProgramExecutor.resumeReceiver(ProgramExecutor.scala:100)
	at scala.actors.InternalActor$class.searchMailbox(InternalActor.scala:76)
	at org.scalaide.worksheet.runtime.ProgramExecutor.searchMailbox(ProgramExecutor.scala:100)
	at scala.actors.Reactor$$anonfun$startSearch$1$$anonfun$apply$mcV$sp$1.apply$mcV$sp(Reactor.scala:117)
	at scala.actors.Reactor$$anonfun$startSearch$1$$anonfun$apply$mcV$sp$1.apply(Reactor.scala:114)
	at scala.actors.Reactor$$anonfun$startSearch$1$$anonfun$apply$mcV$sp$1.apply(Reactor.scala:114)
	at scala.actors.ReactorTask.run(ReactorTask.scala:33)
	at scala.actors.ReactorTask.compute(ReactorTask.scala:63)
	at scala.concurrent.forkjoin.RecursiveAction.exec(RecursiveAction.java:160)
	at scala.concurrent.forkjoin.ForkJoinTask.doExec(ForkJoinTask.java:260)
	at scala.concurrent.forkjoin.ForkJoinPool$WorkQueue.runTask(ForkJoinPool.java:1339)
	at scala.concurrent.forkjoin.ForkJoinPool.runWorker(ForkJoinPool.java:1979)
	at scala.concurrent.forkjoin.ForkJoinWorkerThread.run(ForkJoinWorkerThread.java:107)
2014-09-17 21:01:01,159  WARN [main] - org.scala-ide.sdt.core - org.scala-ide.sdt.core - org.scala-ide.sdt.core - 0 - ProgramExecutor actor </Users/xiaolichen/Documents/Coding/Scala/hello/src/greeter/randomHello.sc> self-healing...
java.lang.NullPointerException
	at org.scalaide.worksheet.runtime.ProgramExecutor$$anonfun$act$1$$anonfun$apply$1.applyOrElse(ProgramExecutor.scala:122)
	at scala.runtime.AbstractPartialFunction$mcVL$sp.apply$mcVL$sp(AbstractPartialFunction.scala:33)
	at scala.runtime.AbstractPartialFunction$mcVL$sp.apply(AbstractPartialFunction.scala:33)
	at scala.runtime.AbstractPartialFunction$mcVL$sp.apply(AbstractPartialFunction.scala:25)
	at scala.actors.ReactorTask.run(ReactorTask.scala:31)
	at scala.actors.Reactor$class.resumeReceiver(Reactor.scala:129)
	at org.scalaide.worksheet.runtime.ProgramExecutor.scala$actors$InternalReplyReactor$$super$resumeReceiver(ProgramExecutor.scala:100)
	at scala.actors.InternalReplyReactor$class.resumeReceiver(InternalReplyReactor.scala:59)
	at org.scalaide.worksheet.runtime.ProgramExecutor.resumeReceiver(ProgramExecutor.scala:100)
	at scala.actors.InternalActor$class.searchMailbox(InternalActor.scala:76)
	at org.scalaide.worksheet.runtime.ProgramExecutor.searchMailbox(ProgramExecutor.scala:100)
	at scala.actors.Reactor$$anonfun$startSearch$1$$anonfun$apply$mcV$sp$1.apply$mcV$sp(Reactor.scala:117)
	at scala.actors.Reactor$$anonfun$startSearch$1$$anonfun$apply$mcV$sp$1.apply(Reactor.scala:114)
	at scala.actors.Reactor$$anonfun$startSearch$1$$anonfun$apply$mcV$sp$1.apply(Reactor.scala:114)
	at scala.actors.ReactorTask.run(ReactorTask.scala:33)
	at scala.actors.ReactorTask.compute(ReactorTask.scala:63)
	at scala.concurrent.forkjoin.RecursiveAction.exec(RecursiveAction.java:160)
	at scala.concurrent.forkjoin.ForkJoinTask.doExec(ForkJoinTask.java:260)
	at scala.concurrent.forkjoin.ForkJoinPool$WorkQueue.runTask(ForkJoinPool.java:1339)
	at scala.concurrent.forkjoin.ForkJoinPool.runWorker(ForkJoinPool.java:1979)
	at scala.concurrent.forkjoin.ForkJoinWorkerThread.run(ForkJoinWorkerThread.java:107)
2014-09-17 21:01:15,599  WARN [main] - org.scala-ide.sdt.core - org.scala-ide.sdt.core - org.scala-ide.sdt.core - 0 - ProgramExecutor actor </Users/xiaolichen/Documents/Coding/Scala/hello/src/greeter/randomHello.sc> self-healing...
java.lang.NullPointerException
	at org.scalaide.worksheet.runtime.ProgramExecutor$$anonfun$act$1$$anonfun$apply$1.applyOrElse(ProgramExecutor.scala:122)
	at scala.runtime.AbstractPartialFunction$mcVL$sp.apply$mcVL$sp(AbstractPartialFunction.scala:33)
	at scala.runtime.AbstractPartialFunction$mcVL$sp.apply(AbstractPartialFunction.scala:33)
	at scala.runtime.AbstractPartialFunction$mcVL$sp.apply(AbstractPartialFunction.scala:25)
	at scala.actors.ReactorTask.run(ReactorTask.scala:31)
	at scala.actors.Reactor$class.resumeReceiver(Reactor.scala:129)
	at org.scalaide.worksheet.runtime.ProgramExecutor.scala$actors$InternalReplyReactor$$super$resumeReceiver(ProgramExecutor.scala:100)
	at scala.actors.InternalReplyReactor$class.resumeReceiver(InternalReplyReactor.scala:59)
	at org.scalaide.worksheet.runtime.ProgramExecutor.resumeReceiver(ProgramExecutor.scala:100)
	at scala.actors.InternalActor$class.searchMailbox(InternalActor.scala:76)
	at org.scalaide.worksheet.runtime.ProgramExecutor.searchMailbox(ProgramExecutor.scala:100)
	at scala.actors.Reactor$$anonfun$startSearch$1$$anonfun$apply$mcV$sp$1.apply$mcV$sp(Reactor.scala:117)
	at scala.actors.Reactor$$anonfun$startSearch$1$$anonfun$apply$mcV$sp$1.apply(Reactor.scala:114)
	at scala.actors.Reactor$$anonfun$startSearch$1$$anonfun$apply$mcV$sp$1.apply(Reactor.scala:114)
	at scala.actors.ReactorTask.run(ReactorTask.scala:33)
	at scala.actors.ReactorTask.compute(ReactorTask.scala:63)
	at scala.concurrent.forkjoin.RecursiveAction.exec(RecursiveAction.java:160)
	at scala.concurrent.forkjoin.ForkJoinTask.doExec(ForkJoinTask.java:260)
	at scala.concurrent.forkjoin.ForkJoinPool$WorkQueue.runTask(ForkJoinPool.java:1339)
	at scala.concurrent.forkjoin.ForkJoinPool.runWorker(ForkJoinPool.java:1979)
	at scala.concurrent.forkjoin.ForkJoinWorkerThread.run(ForkJoinWorkerThread.java:107)
2014-09-17 21:02:09,716  WARN [main] - org.scala-ide.sdt.core - org.scala-ide.sdt.core - org.scala-ide.sdt.core - 0 - ProgramExecutor actor </Users/xiaolichen/Documents/Coding/Scala/hello/src/greeter/randomHello.sc> self-healing...
java.lang.NullPointerException
	at org.scalaide.worksheet.runtime.ProgramExecutor$$anonfun$act$1$$anonfun$apply$1.applyOrElse(ProgramExecutor.scala:122)
	at scala.runtime.AbstractPartialFunction$mcVL$sp.apply$mcVL$sp(AbstractPartialFunction.scala:33)
	at scala.runtime.AbstractPartialFunction$mcVL$sp.apply(AbstractPartialFunction.scala:33)
	at scala.runtime.AbstractPartialFunction$mcVL$sp.apply(AbstractPartialFunction.scala:25)
	at scala.actors.ReactorTask.run(ReactorTask.scala:31)
	at scala.actors.Reactor$class.resumeReceiver(Reactor.scala:129)
	at org.scalaide.worksheet.runtime.ProgramExecutor.scala$actors$InternalReplyReactor$$super$resumeReceiver(ProgramExecutor.scala:100)
	at scala.actors.InternalReplyReactor$class.resumeReceiver(InternalReplyReactor.scala:59)
	at org.scalaide.worksheet.runtime.ProgramExecutor.resumeReceiver(ProgramExecutor.scala:100)
	at scala.actors.InternalActor$class.searchMailbox(InternalActor.scala:76)
	at org.scalaide.worksheet.runtime.ProgramExecutor.searchMailbox(ProgramExecutor.scala:100)
	at scala.actors.Reactor$$anonfun$startSearch$1$$anonfun$apply$mcV$sp$1.apply$mcV$sp(Reactor.scala:117)
	at scala.actors.Reactor$$anonfun$startSearch$1$$anonfun$apply$mcV$sp$1.apply(Reactor.scala:114)
	at scala.actors.Reactor$$anonfun$startSearch$1$$anonfun$apply$mcV$sp$1.apply(Reactor.scala:114)
	at scala.actors.ReactorTask.run(ReactorTask.scala:33)
	at scala.actors.ReactorTask.compute(ReactorTask.scala:63)
	at scala.concurrent.forkjoin.RecursiveAction.exec(RecursiveAction.java:160)
	at scala.concurrent.forkjoin.ForkJoinTask.doExec(ForkJoinTask.java:260)
	at scala.concurrent.forkjoin.ForkJoinPool$WorkQueue.runTask(ForkJoinPool.java:1339)
	at scala.concurrent.forkjoin.ForkJoinPool.runWorker(ForkJoinPool.java:1979)
	at scala.concurrent.forkjoin.ForkJoinWorkerThread.run(ForkJoinWorkerThread.java:107)
2014-09-17 21:02:10,545  WARN [main] - org.scala-ide.sdt.core - org.scala-ide.sdt.core - org.scala-ide.sdt.core - 0 - ProgramExecutor actor </Users/xiaolichen/Documents/Coding/Scala/hello/src/greeter/randomHello.sc> self-healing...
java.lang.NullPointerException
	at org.scalaide.worksheet.runtime.ProgramExecutor$$anonfun$act$1$$anonfun$apply$1.applyOrElse(ProgramExecutor.scala:122)
	at scala.runtime.AbstractPartialFunction$mcVL$sp.apply$mcVL$sp(AbstractPartialFunction.scala:33)
	at scala.runtime.AbstractPartialFunction$mcVL$sp.apply(AbstractPartialFunction.scala:33)
	at scala.runtime.AbstractPartialFunction$mcVL$sp.apply(AbstractPartialFunction.scala:25)
	at scala.actors.ReactorTask.run(ReactorTask.scala:31)
	at scala.actors.Reactor$class.resumeReceiver(Reactor.scala:129)
	at org.scalaide.worksheet.runtime.ProgramExecutor.scala$actors$InternalReplyReactor$$super$resumeReceiver(ProgramExecutor.scala:100)
	at scala.actors.InternalReplyReactor$class.resumeReceiver(InternalReplyReactor.scala:59)
	at org.scalaide.worksheet.runtime.ProgramExecutor.resumeReceiver(ProgramExecutor.scala:100)
	at scala.actors.InternalActor$class.searchMailbox(InternalActor.scala:76)
	at org.scalaide.worksheet.runtime.ProgramExecutor.searchMailbox(ProgramExecutor.scala:100)
	at scala.actors.Reactor$$anonfun$startSearch$1$$anonfun$apply$mcV$sp$1.apply$mcV$sp(Reactor.scala:117)
	at scala.actors.Reactor$$anonfun$startSearch$1$$anonfun$apply$mcV$sp$1.apply(Reactor.scala:114)
	at scala.actors.Reactor$$anonfun$startSearch$1$$anonfun$apply$mcV$sp$1.apply(Reactor.scala:114)
	at scala.actors.ReactorTask.run(ReactorTask.scala:33)
	at scala.actors.ReactorTask.compute(ReactorTask.scala:63)
	at scala.concurrent.forkjoin.RecursiveAction.exec(RecursiveAction.java:160)
	at scala.concurrent.forkjoin.ForkJoinTask.doExec(ForkJoinTask.java:260)
	at scala.concurrent.forkjoin.ForkJoinPool$WorkQueue.runTask(ForkJoinPool.java:1339)
	at scala.concurrent.forkjoin.ForkJoinPool.runWorker(ForkJoinPool.java:1979)
	at scala.concurrent.forkjoin.ForkJoinWorkerThread.run(ForkJoinWorkerThread.java:107)
2014-09-17 21:02:11,681  WARN [main] - org.scala-ide.sdt.core - org.scala-ide.sdt.core - org.scala-ide.sdt.core - 0 - ProgramExecutor actor </Users/xiaolichen/Documents/Coding/Scala/hello/src/greeter/randomHello.sc> self-healing...
java.lang.NullPointerException
	at org.scalaide.worksheet.runtime.ProgramExecutor$$anonfun$act$1$$anonfun$apply$1.applyOrElse(ProgramExecutor.scala:122)
	at scala.runtime.AbstractPartialFunction$mcVL$sp.apply$mcVL$sp(AbstractPartialFunction.scala:33)
	at scala.runtime.AbstractPartialFunction$mcVL$sp.apply(AbstractPartialFunction.scala:33)
	at scala.runtime.AbstractPartialFunction$mcVL$sp.apply(AbstractPartialFunction.scala:25)
	at scala.actors.ReactorTask.run(ReactorTask.scala:31)
	at scala.actors.Reactor$class.resumeReceiver(Reactor.scala:129)
	at org.scalaide.worksheet.runtime.ProgramExecutor.scala$actors$InternalReplyReactor$$super$resumeReceiver(ProgramExecutor.scala:100)
	at scala.actors.InternalReplyReactor$class.resumeReceiver(InternalReplyReactor.scala:59)
	at org.scalaide.worksheet.runtime.ProgramExecutor.resumeReceiver(ProgramExecutor.scala:100)
	at scala.actors.InternalActor$class.searchMailbox(InternalActor.scala:76)
	at org.scalaide.worksheet.runtime.ProgramExecutor.searchMailbox(ProgramExecutor.scala:100)
	at scala.actors.Reactor$$anonfun$startSearch$1$$anonfun$apply$mcV$sp$1.apply$mcV$sp(Reactor.scala:117)
	at scala.actors.Reactor$$anonfun$startSearch$1$$anonfun$apply$mcV$sp$1.apply(Reactor.scala:114)
	at scala.actors.Reactor$$anonfun$startSearch$1$$anonfun$apply$mcV$sp$1.apply(Reactor.scala:114)
	at scala.actors.ReactorTask.run(ReactorTask.scala:33)
	at scala.actors.ReactorTask.compute(ReactorTask.scala:63)
	at scala.concurrent.forkjoin.RecursiveAction.exec(RecursiveAction.java:160)
	at scala.concurrent.forkjoin.ForkJoinTask.doExec(ForkJoinTask.java:260)
	at scala.concurrent.forkjoin.ForkJoinPool$WorkQueue.runTask(ForkJoinPool.java:1339)
	at scala.concurrent.forkjoin.ForkJoinPool.runWorker(ForkJoinPool.java:1979)
	at scala.concurrent.forkjoin.ForkJoinWorkerThread.run(ForkJoinWorkerThread.java:107)
2014-09-17 21:02:15,101  WARN [main] - org.scala-ide.sdt.core - org.scala-ide.sdt.core - org.scala-ide.sdt.core - 0 - ProgramExecutor actor </Users/xiaolichen/Documents/Coding/Scala/Firstclass/src/week1/test.sc> self-healing...
java.lang.NullPointerException
	at org.scalaide.worksheet.runtime.ProgramExecutor$$anonfun$act$1$$anonfun$apply$1.applyOrElse(ProgramExecutor.scala:122)
	at scala.runtime.AbstractPartialFunction$mcVL$sp.apply$mcVL$sp(AbstractPartialFunction.scala:33)
	at scala.runtime.AbstractPartialFunction$mcVL$sp.apply(AbstractPartialFunction.scala:33)
	at scala.runtime.AbstractPartialFunction$mcVL$sp.apply(AbstractPartialFunction.scala:25)
	at scala.actors.ReactorTask.run(ReactorTask.scala:31)
	at scala.actors.Reactor$class.resumeReceiver(Reactor.scala:129)
	at org.scalaide.worksheet.runtime.ProgramExecutor.scala$actors$InternalReplyReactor$$super$resumeReceiver(ProgramExecutor.scala:100)
	at scala.actors.InternalReplyReactor$class.resumeReceiver(InternalReplyReactor.scala:59)
	at org.scalaide.worksheet.runtime.ProgramExecutor.resumeReceiver(ProgramExecutor.scala:100)
	at scala.actors.InternalActor$class.searchMailbox(InternalActor.scala:76)
	at org.scalaide.worksheet.runtime.ProgramExecutor.searchMailbox(ProgramExecutor.scala:100)
	at scala.actors.Reactor$$anonfun$startSearch$1$$anonfun$apply$mcV$sp$1.apply$mcV$sp(Reactor.scala:117)
	at scala.actors.Reactor$$anonfun$startSearch$1$$anonfun$apply$mcV$sp$1.apply(Reactor.scala:114)
	at scala.actors.Reactor$$anonfun$startSearch$1$$anonfun$apply$mcV$sp$1.apply(Reactor.scala:114)
	at scala.actors.ReactorTask.run(ReactorTask.scala:33)
	at scala.actors.ReactorTask.compute(ReactorTask.scala:63)
	at scala.concurrent.forkjoin.RecursiveAction.exec(RecursiveAction.java:160)
	at scala.concurrent.forkjoin.ForkJoinTask.doExec(ForkJoinTask.java:260)
	at scala.concurrent.forkjoin.ForkJoinPool$WorkQueue.runTask(ForkJoinPool.java:1339)
	at scala.concurrent.forkjoin.ForkJoinPool.runWorker(ForkJoinPool.java:1979)
	at scala.concurrent.forkjoin.ForkJoinWorkerThread.run(ForkJoinWorkerThread.java:107)
2014-09-17 21:02:33,573  WARN [main] - org.scala-ide.sdt.core - org.scala-ide.sdt.core - org.scala-ide.sdt.core - 0 - ProgramExecutor actor </Users/xiaolichen/Documents/Coding/Scala/Firstclass/src/week1/test.sc> self-healing...
java.lang.NullPointerException
	at org.scalaide.worksheet.runtime.ProgramExecutor$$anonfun$act$1$$anonfun$apply$1.applyOrElse(ProgramExecutor.scala:122)
	at scala.runtime.AbstractPartialFunction$mcVL$sp.apply$mcVL$sp(AbstractPartialFunction.scala:33)
	at scala.runtime.AbstractPartialFunction$mcVL$sp.apply(AbstractPartialFunction.scala:33)
	at scala.runtime.AbstractPartialFunction$mcVL$sp.apply(AbstractPartialFunction.scala:25)
	at scala.actors.ReactorTask.run(ReactorTask.scala:31)
	at scala.actors.Reactor$class.resumeReceiver(Reactor.scala:129)
	at org.scalaide.worksheet.runtime.ProgramExecutor.scala$actors$InternalReplyReactor$$super$resumeReceiver(ProgramExecutor.scala:100)
	at scala.actors.InternalReplyReactor$class.resumeReceiver(InternalReplyReactor.scala:59)
	at org.scalaide.worksheet.runtime.ProgramExecutor.resumeReceiver(ProgramExecutor.scala:100)
	at scala.actors.InternalActor$class.searchMailbox(InternalActor.scala:76)
	at org.scalaide.worksheet.runtime.ProgramExecutor.searchMailbox(ProgramExecutor.scala:100)
	at scala.actors.Reactor$$anonfun$startSearch$1$$anonfun$apply$mcV$sp$1.apply$mcV$sp(Reactor.scala:117)
	at scala.actors.Reactor$$anonfun$startSearch$1$$anonfun$apply$mcV$sp$1.apply(Reactor.scala:114)
	at scala.actors.Reactor$$anonfun$startSearch$1$$anonfun$apply$mcV$sp$1.apply(Reactor.scala:114)
	at scala.actors.ReactorTask.run(ReactorTask.scala:33)
	at scala.actors.ReactorTask.compute(ReactorTask.scala:63)
	at scala.concurrent.forkjoin.RecursiveAction.exec(RecursiveAction.java:160)
	at scala.concurrent.forkjoin.ForkJoinTask.doExec(ForkJoinTask.java:260)
	at scala.concurrent.forkjoin.ForkJoinPool$WorkQueue.runTask(ForkJoinPool.java:1339)
	at scala.concurrent.forkjoin.ForkJoinPool.runWorker(ForkJoinPool.java:1979)
	at scala.concurrent.forkjoin.ForkJoinWorkerThread.run(ForkJoinWorkerThread.java:107)
2014-09-17 21:03:29,280  WARN [main] - org.scala-ide.sdt.core - org.scala-ide.sdt.core - org.scala-ide.sdt.core - 0 - ProgramExecutor actor </Users/xiaolichen/Documents/Coding/Scala/hello/src/greeter/randomHello.sc> self-healing...
java.lang.NullPointerException
	at org.scalaide.worksheet.runtime.ProgramExecutor$$anonfun$act$1$$anonfun$apply$1.applyOrElse(ProgramExecutor.scala:122)
	at scala.runtime.AbstractPartialFunction$mcVL$sp.apply$mcVL$sp(AbstractPartialFunction.scala:33)
	at scala.runtime.AbstractPartialFunction$mcVL$sp.apply(AbstractPartialFunction.scala:33)
	at scala.runtime.AbstractPartialFunction$mcVL$sp.apply(AbstractPartialFunction.scala:25)
	at scala.actors.ReactorTask.run(ReactorTask.scala:31)
	at scala.actors.Reactor$class.resumeReceiver(Reactor.scala:129)
	at org.scalaide.worksheet.runtime.ProgramExecutor.scala$actors$InternalReplyReactor$$super$resumeReceiver(ProgramExecutor.scala:100)
	at scala.actors.InternalReplyReactor$class.resumeReceiver(InternalReplyReactor.scala:59)
	at org.scalaide.worksheet.runtime.ProgramExecutor.resumeReceiver(ProgramExecutor.scala:100)
	at scala.actors.InternalActor$class.searchMailbox(InternalActor.scala:76)
	at org.scalaide.worksheet.runtime.ProgramExecutor.searchMailbox(ProgramExecutor.scala:100)
	at scala.actors.Reactor$$anonfun$startSearch$1$$anonfun$apply$mcV$sp$1.apply$mcV$sp(Reactor.scala:117)
	at scala.actors.Reactor$$anonfun$startSearch$1$$anonfun$apply$mcV$sp$1.apply(Reactor.scala:114)
	at scala.actors.Reactor$$anonfun$startSearch$1$$anonfun$apply$mcV$sp$1.apply(Reactor.scala:114)
	at scala.actors.ReactorTask.run(ReactorTask.scala:33)
	at scala.actors.ReactorTask.compute(ReactorTask.scala:63)
	at scala.concurrent.forkjoin.RecursiveAction.exec(RecursiveAction.java:160)
	at scala.concurrent.forkjoin.ForkJoinTask.doExec(ForkJoinTask.java:260)
	at scala.concurrent.forkjoin.ForkJoinPool$WorkQueue.runTask(ForkJoinPool.java:1339)
	at scala.concurrent.forkjoin.ForkJoinPool.runWorker(ForkJoinPool.java:1979)
	at scala.concurrent.forkjoin.ForkJoinWorkerThread.run(ForkJoinWorkerThread.java:107)
2014-09-17 21:04:33,808  WARN [main] - org.scala-ide.sdt.core - org.scala-ide.sdt.core - org.scala-ide.sdt.core - 0 - ProgramExecutor actor </Users/xiaolichen/Documents/Coding/Scala/hello/src/greeter/randomHello.sc> self-healing...
java.lang.NullPointerException
	at org.scalaide.worksheet.runtime.ProgramExecutor$$anonfun$act$1$$anonfun$apply$1.applyOrElse(ProgramExecutor.scala:122)
	at scala.runtime.AbstractPartialFunction$mcVL$sp.apply$mcVL$sp(AbstractPartialFunction.scala:33)
	at scala.runtime.AbstractPartialFunction$mcVL$sp.apply(AbstractPartialFunction.scala:33)
	at scala.runtime.AbstractPartialFunction$mcVL$sp.apply(AbstractPartialFunction.scala:25)
	at scala.actors.ReactorTask.run(ReactorTask.scala:31)
	at scala.actors.Reactor$class.resumeReceiver(Reactor.scala:129)
	at org.scalaide.worksheet.runtime.ProgramExecutor.scala$actors$InternalReplyReactor$$super$resumeReceiver(ProgramExecutor.scala:100)
	at scala.actors.InternalReplyReactor$class.resumeReceiver(InternalReplyReactor.scala:59)
	at org.scalaide.worksheet.runtime.ProgramExecutor.resumeReceiver(ProgramExecutor.scala:100)
	at scala.actors.InternalActor$class.searchMailbox(InternalActor.scala:76)
	at org.scalaide.worksheet.runtime.ProgramExecutor.searchMailbox(ProgramExecutor.scala:100)
	at scala.actors.Reactor$$anonfun$startSearch$1$$anonfun$apply$mcV$sp$1.apply$mcV$sp(Reactor.scala:117)
	at scala.actors.Reactor$$anonfun$startSearch$1$$anonfun$apply$mcV$sp$1.apply(Reactor.scala:114)
	at scala.actors.Reactor$$anonfun$startSearch$1$$anonfun$apply$mcV$sp$1.apply(Reactor.scala:114)
	at scala.actors.ReactorTask.run(ReactorTask.scala:33)
	at scala.actors.ReactorTask.compute(ReactorTask.scala:63)
	at scala.concurrent.forkjoin.RecursiveAction.exec(RecursiveAction.java:160)
	at scala.concurrent.forkjoin.ForkJoinTask.doExec(ForkJoinTask.java:260)
	at scala.concurrent.forkjoin.ForkJoinPool$WorkQueue.runTask(ForkJoinPool.java:1339)
	at scala.concurrent.forkjoin.ForkJoinPool.runWorker(ForkJoinPool.java:1979)
	at scala.concurrent.forkjoin.ForkJoinWorkerThread.run(ForkJoinWorkerThread.java:107)
2014-09-17 21:04:38,157  WARN [main] - org.scala-ide.sdt.core - org.scala-ide.sdt.core - org.scala-ide.sdt.core - 0 - ProgramExecutor actor </Users/xiaolichen/Documents/Coding/Scala/Firstclass/src/week1/test.sc> self-healing...
java.lang.NullPointerException
	at org.scalaide.worksheet.runtime.ProgramExecutor$$anonfun$act$1$$anonfun$apply$1.applyOrElse(ProgramExecutor.scala:122)
	at scala.runtime.AbstractPartialFunction$mcVL$sp.apply$mcVL$sp(AbstractPartialFunction.scala:33)
	at scala.runtime.AbstractPartialFunction$mcVL$sp.apply(AbstractPartialFunction.scala:33)
	at scala.runtime.AbstractPartialFunction$mcVL$sp.apply(AbstractPartialFunction.scala:25)
	at scala.actors.ReactorTask.run(ReactorTask.scala:31)
	at scala.actors.Reactor$class.resumeReceiver(Reactor.scala:129)
	at org.scalaide.worksheet.runtime.ProgramExecutor.scala$actors$InternalReplyReactor$$super$resumeReceiver(ProgramExecutor.scala:100)
	at scala.actors.InternalReplyReactor$class.resumeReceiver(InternalReplyReactor.scala:59)
	at org.scalaide.worksheet.runtime.ProgramExecutor.resumeReceiver(ProgramExecutor.scala:100)
	at scala.actors.InternalActor$class.searchMailbox(InternalActor.scala:76)
	at org.scalaide.worksheet.runtime.ProgramExecutor.searchMailbox(ProgramExecutor.scala:100)
	at scala.actors.Reactor$$anonfun$startSearch$1$$anonfun$apply$mcV$sp$1.apply$mcV$sp(Reactor.scala:117)
	at scala.actors.Reactor$$anonfun$startSearch$1$$anonfun$apply$mcV$sp$1.apply(Reactor.scala:114)
	at scala.actors.Reactor$$anonfun$startSearch$1$$anonfun$apply$mcV$sp$1.apply(Reactor.scala:114)
	at scala.actors.ReactorTask.run(ReactorTask.scala:33)
	at scala.actors.ReactorTask.compute(ReactorTask.scala:63)
	at scala.concurrent.forkjoin.RecursiveAction.exec(RecursiveAction.java:160)
	at scala.concurrent.forkjoin.ForkJoinTask.doExec(ForkJoinTask.java:260)
	at scala.concurrent.forkjoin.ForkJoinPool$WorkQueue.runTask(ForkJoinPool.java:1339)
	at scala.concurrent.forkjoin.ForkJoinPool.runWorker(ForkJoinPool.java:1979)
	at scala.concurrent.forkjoin.ForkJoinWorkerThread.run(ForkJoinWorkerThread.java:107)
2014-09-17 21:04:53,571  WARN [main] - org.scala-ide.sdt.core - org.scala-ide.sdt.core - org.scala-ide.sdt.core - 0 - ProgramExecutor actor </Users/xiaolichen/Documents/Coding/Scala/Firstclass/src/week1/test.sc> self-healing...
java.lang.NullPointerException
	at org.scalaide.worksheet.runtime.ProgramExecutor$$anonfun$act$1$$anonfun$apply$1.applyOrElse(ProgramExecutor.scala:122)
	at scala.runtime.AbstractPartialFunction$mcVL$sp.apply$mcVL$sp(AbstractPartialFunction.scala:33)
	at scala.runtime.AbstractPartialFunction$mcVL$sp.apply(AbstractPartialFunction.scala:33)
	at scala.runtime.AbstractPartialFunction$mcVL$sp.apply(AbstractPartialFunction.scala:25)
	at scala.actors.ReactorTask.run(ReactorTask.scala:31)
	at scala.actors.Reactor$class.resumeReceiver(Reactor.scala:129)
	at org.scalaide.worksheet.runtime.ProgramExecutor.scala$actors$InternalReplyReactor$$super$resumeReceiver(ProgramExecutor.scala:100)
	at scala.actors.InternalReplyReactor$class.resumeReceiver(InternalReplyReactor.scala:59)
	at org.scalaide.worksheet.runtime.ProgramExecutor.resumeReceiver(ProgramExecutor.scala:100)
	at scala.actors.InternalActor$class.searchMailbox(InternalActor.scala:76)
	at org.scalaide.worksheet.runtime.ProgramExecutor.searchMailbox(ProgramExecutor.scala:100)
	at scala.actors.Reactor$$anonfun$startSearch$1$$anonfun$apply$mcV$sp$1.apply$mcV$sp(Reactor.scala:117)
	at scala.actors.Reactor$$anonfun$startSearch$1$$anonfun$apply$mcV$sp$1.apply(Reactor.scala:114)
	at scala.actors.Reactor$$anonfun$startSearch$1$$anonfun$apply$mcV$sp$1.apply(Reactor.scala:114)
	at scala.actors.ReactorTask.run(ReactorTask.scala:33)
	at scala.actors.ReactorTask.compute(ReactorTask.scala:63)
	at scala.concurrent.forkjoin.RecursiveAction.exec(RecursiveAction.java:160)
	at scala.concurrent.forkjoin.ForkJoinTask.doExec(ForkJoinTask.java:260)
	at scala.concurrent.forkjoin.ForkJoinPool$WorkQueue.runTask(ForkJoinPool.java:1339)
	at scala.concurrent.forkjoin.ForkJoinPool.runWorker(ForkJoinPool.java:1979)
	at scala.concurrent.forkjoin.ForkJoinWorkerThread.run(ForkJoinWorkerThread.java:107)
2014-09-18 20:50:28,058 ERROR [main] - org.scala-ide.sdt.core - org.scala-ide.sdt.core - org.scala-ide.sdt.core - 0 - Error during askOption
java.lang.StringIndexOutOfBoundsException: String index out of range: -1
	at java.lang.String.substring(String.java:1911)
	at scala.tools.refactoring.common.PimpedTrees$TreeMethodsForPositions.nameString(PimpedTrees.scala:317)
	at scala.tools.refactoring.common.PimpedTrees$TreeMethodsForPositions.namePosition(PimpedTrees.scala:226)
	at scala.tools.eclipse.semantichighlighting.classifier.SafeSymbol$$anonfun$5.apply(SafeSymbol.scala:109)
	at scala.tools.eclipse.semantichighlighting.classifier.SafeSymbol$$anonfun$5.apply(SafeSymbol.scala:109)
	at scala.tools.nsc.util.InterruptReq.execute(InterruptReq.scala:26)
	at scala.tools.nsc.interactive.Global.pollForWork(Global.scala:346)
	at scala.tools.nsc.interactive.PresentationCompilerThread.run(PresentationCompilerThread.scala:22)
2015-12-14 19:20:15,669 ERROR [main] - Statistics - Statistics file `/Users/xiaolichen/.scalaide/statistics` is corrupted. A new one is being created. Corrupted content was:

com.cedarsoftware.util.io.JsonIoException: error parsing JSON value
	at com.cedarsoftware.util.io.JsonReader.readObject(JsonReader.java:529)
	at com.cedarsoftware.util.io.JsonReader.jsonToJava(JsonReader.java:289)
	at com.cedarsoftware.util.io.JsonReader.jsonToJava(JsonReader.java:262)
	at org.scalaide.core.internal.statistics.Statistics.org$scalaide$core$internal$statistics$Statistics$$read(Statistics.scala:74)
	at org.scalaide.core.internal.statistics.Statistics$$anonfun$readStats$1.apply(Statistics.scala:52)
	at org.scalaide.core.internal.statistics.Statistics$$anonfun$readStats$1.apply(Statistics.scala:51)
	at org.scalaide.core.ScalaIdeDataStore$$anonfun$validate$2.apply(ScalaIdeDataStore.scala:59)
	at org.scalaide.util.eclipse.EclipseUtils$$anon$3.run(EclipseUtils.scala:216)
	at org.eclipse.core.runtime.SafeRunner.run(SafeRunner.java:42)
	at org.scalaide.util.eclipse.EclipseUtils$.withSafeRunner(EclipseUtils.scala:212)
	at org.scalaide.core.ScalaIdeDataStore$.validate(ScalaIdeDataStore.scala:58)
	at org.scalaide.core.internal.statistics.Statistics.readStats(Statistics.scala:51)
	at org.scalaide.core.internal.statistics.Statistics.<init>(Statistics.scala:30)
	at org.scalaide.core.internal.ScalaPlugin.stats$lzycompute(ScalaPlugin.scala:136)
	at org.scalaide.core.internal.ScalaPlugin.stats(ScalaPlugin.scala:136)
	at org.scalaide.core.internal.ScalaPlugin.statistics(ScalaPlugin.scala:139)
	at org.scalaide.core.internal.ScalaPlugin.start(ScalaPlugin.scala:110)
	at org.eclipse.osgi.internal.framework.BundleContextImpl$3.run(BundleContextImpl.java:771)
	at org.eclipse.osgi.internal.framework.BundleContextImpl$3.run(BundleContextImpl.java:1)
	at java.security.AccessController.doPrivileged(Native Method)
	at org.eclipse.osgi.internal.framework.BundleContextImpl.startActivator(BundleContextImpl.java:764)
	at org.eclipse.osgi.internal.framework.BundleContextImpl.start(BundleContextImpl.java:721)
	at org.eclipse.osgi.internal.framework.EquinoxBundle.startWorker0(EquinoxBundle.java:936)
	at org.eclipse.osgi.internal.framework.EquinoxBundle$EquinoxModule.startWorker(EquinoxBundle.java:319)
	at org.eclipse.osgi.container.Module.doStart(Module.java:571)
	at org.eclipse.osgi.container.Module.start(Module.java:439)
	at org.eclipse.osgi.framework.util.SecureAction.start(SecureAction.java:454)
	at org.eclipse.osgi.internal.hooks.EclipseLazyStarter.postFindLocalClass(EclipseLazyStarter.java:107)
	at org.eclipse.osgi.internal.loader.classpath.ClasspathManager.findLocalClass(ClasspathManager.java:531)
	at org.eclipse.osgi.internal.loader.ModuleClassLoader.findLocalClass(ModuleClassLoader.java:324)
	at org.eclipse.osgi.internal.loader.BundleLoader.findLocalClass(BundleLoader.java:320)
	at org.eclipse.osgi.internal.loader.BundleLoader.findClassInternal(BundleLoader.java:395)
	at org.eclipse.osgi.internal.loader.BundleLoader.findClass(BundleLoader.java:345)
	at org.eclipse.osgi.internal.loader.BundleLoader.findClass(BundleLoader.java:337)
	at org.eclipse.osgi.internal.loader.ModuleClassLoader.loadClass(ModuleClassLoader.java:160)
	at java.lang.ClassLoader.loadClass(ClassLoader.java:357)
	at org.eclipse.osgi.internal.framework.EquinoxBundle.loadClass(EquinoxBundle.java:568)
	at org.eclipse.core.internal.registry.osgi.RegistryStrategyOSGI.createExecutableExtension(RegistryStrategyOSGI.java:174)
	at org.eclipse.core.internal.registry.ExtensionRegistry.createExecutableExtension(ExtensionRegistry.java:905)
	at org.eclipse.core.internal.registry.ConfigurationElement.createExecutableExtension(ConfigurationElement.java:243)
	at org.eclipse.core.internal.registry.ConfigurationElementHandle.createExecutableExtension(ConfigurationElementHandle.java:55)
	at org.eclipse.jdt.internal.ui.filters.FilterDescriptor$1.run(FilterDescriptor.java:132)
	at org.eclipse.core.runtime.SafeRunner.run(SafeRunner.java:42)
	at org.eclipse.jdt.internal.ui.filters.FilterDescriptor.createViewerFilter(FilterDescriptor.java:136)
	at org.eclipse.jdt.ui.actions.CustomFiltersActionGroup$FilterItem.getFilterInstance(CustomFiltersActionGroup.java:187)
	at org.eclipse.jdt.ui.actions.CustomFiltersActionGroup.updateViewerFilters(CustomFiltersActionGroup.java:516)
	at org.eclipse.jdt.ui.actions.CustomFiltersActionGroup.<init>(CustomFiltersActionGroup.java:275)
	at org.eclipse.jdt.ui.actions.CustomFiltersActionGroup.<init>(CustomFiltersActionGroup.java:241)
	at org.eclipse.jdt.internal.ui.packageview.PackageExplorerActionGroup.<init>(PackageExplorerActionGroup.java:148)
	at org.eclipse.jdt.internal.ui.packageview.PackageExplorerPart.makeActions(PackageExplorerPart.java:804)
	at org.eclipse.jdt.internal.ui.packageview.PackageExplorerPart.createPartControl(PackageExplorerPart.java:505)
	at org.eclipse.ui.internal.e4.compatibility.CompatibilityPart.createPartControl(CompatibilityPart.java:141)
	at org.eclipse.ui.internal.e4.compatibility.CompatibilityView.createPartControl(CompatibilityView.java:155)
	at org.eclipse.ui.internal.e4.compatibility.CompatibilityPart.create(CompatibilityPart.java:327)
	at sun.reflect.NativeMethodAccessorImpl.invoke0(Native Method)
	at sun.reflect.NativeMethodAccessorImpl.invoke(NativeMethodAccessorImpl.java:62)
	at sun.reflect.DelegatingMethodAccessorImpl.invoke(DelegatingMethodAccessorImpl.java:43)
	at java.lang.reflect.Method.invoke(Method.java:497)
	at org.eclipse.e4.core.internal.di.MethodRequestor.execute(MethodRequestor.java:55)
	at org.eclipse.e4.core.internal.di.InjectorImpl.processAnnotated(InjectorImpl.java:888)
	at org.eclipse.e4.core.internal.di.InjectorImpl.processAnnotated(InjectorImpl.java:869)
	at org.eclipse.e4.core.internal.di.InjectorImpl.inject(InjectorImpl.java:120)
	at org.eclipse.e4.core.internal.di.InjectorImpl.internalMake(InjectorImpl.java:337)
	at org.eclipse.e4.core.internal.di.InjectorImpl.make(InjectorImpl.java:258)
	at org.eclipse.e4.core.contexts.ContextInjectionFactory.make(ContextInjectionFactory.java:162)
	at org.eclipse.e4.ui.internal.workbench.ReflectionContributionFactory.createFromBundle(ReflectionContributionFactory.java:104)
	at org.eclipse.e4.ui.internal.workbench.ReflectionContributionFactory.doCreate(ReflectionContributionFactory.java:73)
	at org.eclipse.e4.ui.internal.workbench.ReflectionContributionFactory.create(ReflectionContributionFactory.java:55)
	at org.eclipse.e4.ui.workbench.renderers.swt.ContributedPartRenderer.createWidget(ContributedPartRenderer.java:127)
	at org.eclipse.e4.ui.internal.workbench.swt.PartRenderingEngine.createWidget(PartRenderingEngine.java:983)
	at org.eclipse.e4.ui.internal.workbench.swt.PartRenderingEngine.safeCreateGui(PartRenderingEngine.java:662)
	at org.eclipse.e4.ui.internal.workbench.swt.PartRenderingEngine$6.run(PartRenderingEngine.java:547)
	at org.eclipse.core.runtime.SafeRunner.run(SafeRunner.java:42)
	at org.eclipse.e4.ui.internal.workbench.swt.PartRenderingEngine.createGui(PartRenderingEngine.java:531)
	at org.eclipse.e4.ui.workbench.renderers.swt.ElementReferenceRenderer.createWidget(ElementReferenceRenderer.java:69)
	at org.eclipse.e4.ui.internal.workbench.swt.PartRenderingEngine.createWidget(PartRenderingEngine.java:983)
	at org.eclipse.e4.ui.internal.workbench.swt.PartRenderingEngine.safeCreateGui(PartRenderingEngine.java:662)
	at org.eclipse.e4.ui.internal.workbench.swt.PartRenderingEngine.safeCreateGui(PartRenderingEngine.java:766)
	at org.eclipse.e4.ui.internal.workbench.swt.PartRenderingEngine.access$2(PartRenderingEngine.java:737)
	at org.eclipse.e4.ui.internal.workbench.swt.PartRenderingEngine$7.run(PartRenderingEngine.java:731)
	at org.eclipse.core.runtime.SafeRunner.run(SafeRunner.java:42)
	at org.eclipse.e4.ui.internal.workbench.swt.PartRenderingEngine.createGui(PartRenderingEngine.java:715)
	at org.eclipse.e4.ui.workbench.renderers.swt.StackRenderer.showTab(StackRenderer.java:1246)
	at org.eclipse.e4.ui.workbench.renderers.swt.LazyStackRenderer.postProcess(LazyStackRenderer.java:103)
	at org.eclipse.e4.ui.internal.workbench.swt.PartRenderingEngine.safeCreateGui(PartRenderingEngine.java:678)
	at org.eclipse.e4.ui.internal.workbench.swt.PartRenderingEngine.safeCreateGui(PartRenderingEngine.java:766)
	at org.eclipse.e4.ui.internal.workbench.swt.PartRenderingEngine.access$2(PartRenderingEngine.java:737)
	at org.eclipse.e4.ui.internal.workbench.swt.PartRenderingEngine$7.run(PartRenderingEngine.java:731)
	at org.eclipse.core.runtime.SafeRunner.run(SafeRunner.java:42)
	at org.eclipse.e4.ui.internal.workbench.swt.PartRenderingEngine.createGui(PartRenderingEngine.java:715)
	at org.eclipse.e4.ui.workbench.renderers.swt.SWTPartRenderer.processContents(SWTPartRenderer.java:69)
	at org.eclipse.e4.ui.workbench.renderers.swt.SashRenderer.processContents(SashRenderer.java:185)
	at org.eclipse.e4.ui.internal.workbench.swt.PartRenderingEngine.safeCreateGui(PartRenderingEngine.java:674)
	at org.eclipse.e4.ui.internal.workbench.swt.PartRenderingEngine.safeCreateGui(PartRenderingEngine.java:766)
	at org.eclipse.e4.ui.internal.workbench.swt.PartRenderingEngine.access$2(PartRenderingEngine.java:737)
	at org.eclipse.e4.ui.internal.workbench.swt.PartRenderingEngine$7.run(PartRenderingEngine.java:731)
	at org.eclipse.core.runtime.SafeRunner.run(SafeRunner.java:42)
	at org.eclipse.e4.ui.internal.workbench.swt.PartRenderingEngine.createGui(PartRenderingEngine.java:715)
	at org.eclipse.e4.ui.workbench.renderers.swt.SWTPartRenderer.processContents(SWTPartRenderer.java:69)
	at org.eclipse.e4.ui.workbench.renderers.swt.PerspectiveRenderer.processContents(PerspectiveRenderer.java:49)
	at org.eclipse.e4.ui.internal.workbench.swt.PartRenderingEngine.safeCreateGui(PartRenderingEngine.java:674)
	at org.eclipse.e4.ui.internal.workbench.swt.PartRenderingEngine.safeCreateGui(PartRenderingEngine.java:766)
	at org.eclipse.e4.ui.internal.workbench.swt.PartRenderingEngine.access$2(PartRenderingEngine.java:737)
	at org.eclipse.e4.ui.internal.workbench.swt.PartRenderingEngine$7.run(PartRenderingEngine.java:731)
	at org.eclipse.core.runtime.SafeRunner.run(SafeRunner.java:42)
	at org.eclipse.e4.ui.internal.workbench.swt.PartRenderingEngine.createGui(PartRenderingEngine.java:715)
	at org.eclipse.e4.ui.workbench.renderers.swt.PerspectiveStackRenderer.showTab(PerspectiveStackRenderer.java:103)
	at org.eclipse.e4.ui.workbench.renderers.swt.LazyStackRenderer.postProcess(LazyStackRenderer.java:103)
	at org.eclipse.e4.ui.workbench.renderers.swt.PerspectiveStackRenderer.postProcess(PerspectiveStackRenderer.java:77)
	at org.eclipse.e4.ui.internal.workbench.swt.PartRenderingEngine.safeCreateGui(PartRenderingEngine.java:678)
	at org.eclipse.e4.ui.internal.workbench.swt.PartRenderingEngine.safeCreateGui(PartRenderingEngine.java:766)
	at org.eclipse.e4.ui.internal.workbench.swt.PartRenderingEngine.access$2(PartRenderingEngine.java:737)
	at org.eclipse.e4.ui.internal.workbench.swt.PartRenderingEngine$7.run(PartRenderingEngine.java:731)
	at org.eclipse.core.runtime.SafeRunner.run(SafeRunner.java:42)
	at org.eclipse.e4.ui.internal.workbench.swt.PartRenderingEngine.createGui(PartRenderingEngine.java:715)
	at org.eclipse.e4.ui.workbench.renderers.swt.SWTPartRenderer.processContents(SWTPartRenderer.java:69)
	at org.eclipse.e4.ui.workbench.renderers.swt.SashRenderer.processContents(SashRenderer.java:185)
	at org.eclipse.e4.ui.internal.workbench.swt.PartRenderingEngine.safeCreateGui(PartRenderingEngine.java:674)
	at org.eclipse.e4.ui.internal.workbench.swt.PartRenderingEngine.safeCreateGui(PartRenderingEngine.java:766)
	at org.eclipse.e4.ui.internal.workbench.swt.PartRenderingEngine.access$2(PartRenderingEngine.java:737)
	at org.eclipse.e4.ui.internal.workbench.swt.PartRenderingEngine$7.run(PartRenderingEngine.java:731)
	at org.eclipse.core.runtime.SafeRunner.run(SafeRunner.java:42)
	at org.eclipse.e4.ui.internal.workbench.swt.PartRenderingEngine.createGui(PartRenderingEngine.java:715)
	at org.eclipse.e4.ui.workbench.renderers.swt.SWTPartRenderer.processContents(SWTPartRenderer.java:69)
	at org.eclipse.e4.ui.workbench.renderers.swt.WBWRenderer.processContents(WBWRenderer.java:663)
	at org.eclipse.e4.ui.internal.workbench.swt.PartRenderingEngine.safeCreateGui(PartRenderingEngine.java:674)
	at org.eclipse.e4.ui.internal.workbench.swt.PartRenderingEngine.safeCreateGui(PartRenderingEngine.java:766)
	at org.eclipse.e4.ui.internal.workbench.swt.PartRenderingEngine.access$2(PartRenderingEngine.java:737)
	at org.eclipse.e4.ui.internal.workbench.swt.PartRenderingEngine$7.run(PartRenderingEngine.java:731)
	at org.eclipse.core.runtime.SafeRunner.run(SafeRunner.java:42)
	at org.eclipse.e4.ui.internal.workbench.swt.PartRenderingEngine.createGui(PartRenderingEngine.java:715)
	at org.eclipse.e4.ui.internal.workbench.swt.PartRenderingEngine$9.run(PartRenderingEngine.java:1078)
	at org.eclipse.core.databinding.observable.Realm.runWithDefault(Realm.java:332)
	at org.eclipse.e4.ui.internal.workbench.swt.PartRenderingEngine.run(PartRenderingEngine.java:1032)
	at org.eclipse.e4.ui.internal.workbench.E4Workbench.createAndRunUI(E4Workbench.java:148)
	at org.eclipse.ui.internal.Workbench$5.run(Workbench.java:636)
	at org.eclipse.core.databinding.observable.Realm.runWithDefault(Realm.java:332)
	at org.eclipse.ui.internal.Workbench.createAndRunWorkbench(Workbench.java:579)
	at org.eclipse.ui.PlatformUI.createAndRunWorkbench(PlatformUI.java:150)
	at org.eclipse.ui.internal.ide.application.IDEApplication.start(IDEApplication.java:135)
	at org.eclipse.equinox.internal.app.EclipseAppHandle.run(EclipseAppHandle.java:196)
	at org.eclipse.core.runtime.internal.adaptor.EclipseAppLauncher.runApplication(EclipseAppLauncher.java:134)
	at org.eclipse.core.runtime.internal.adaptor.EclipseAppLauncher.start(EclipseAppLauncher.java:104)
	at org.eclipse.core.runtime.adaptor.EclipseStarter.run(EclipseStarter.java:380)
	at org.eclipse.core.runtime.adaptor.EclipseStarter.run(EclipseStarter.java:235)
	at sun.reflect.NativeMethodAccessorImpl.invoke0(Native Method)
	at sun.reflect.NativeMethodAccessorImpl.invoke(NativeMethodAccessorImpl.java:62)
	at sun.reflect.DelegatingMethodAccessorImpl.invoke(DelegatingMethodAccessorImpl.java:43)
	at java.lang.reflect.Method.invoke(Method.java:497)
	at org.eclipse.equinox.launcher.Main.invokeFramework(Main.java:648)
	at org.eclipse.equinox.launcher.Main.basicRun(Main.java:603)
	at org.eclipse.equinox.launcher.Main.run(Main.java:1465)
Caused by: com.cedarsoftware.util.io.JsonIoException: EOF reached prematurely
	at com.cedarsoftware.util.io.JsonParser.error(JsonParser.java:584)
	at com.cedarsoftware.util.io.JsonParser.readValue(JsonParser.java:278)
	at com.cedarsoftware.util.io.JsonReader.readObject(JsonReader.java:521)
	... 151 more
2015-12-14 19:20:28,702  WARN [main] - org.scala-ide.sdt.core - org.scala-ide.sdt.core - org.scala-ide.sdt.core - 0 - Preference scala.compiler.sourceLevel was uninitialized for objsets, setting default to 2.11.
2015-12-14 19:20:28,704  WARN [main] - org.scala-ide.sdt.core - org.scala-ide.sdt.core - org.scala-ide.sdt.core - 0 - Preference scala.compiler.installation was uninitialized for objsets, setting default to 2.11.
2015-12-14 19:22:00,552  WARN [org.scalaide.ui.internal.reconciliation.ScalaReconciler] - CallByNameParamAtCreationPresenter - Timeout while waiting for `askLoadedTyped` during semantic highlighting.
2015-12-14 19:22:39,948 ERROR [main] - Statistics - Statistics file `/Users/xiaolichen/.scalaide/statistics` is corrupted. A new one is being created. Corrupted content was:

com.cedarsoftware.util.io.JsonIoException: error parsing JSON value
	at com.cedarsoftware.util.io.JsonReader.readObject(JsonReader.java:529)
	at com.cedarsoftware.util.io.JsonReader.jsonToJava(JsonReader.java:289)
	at com.cedarsoftware.util.io.JsonReader.jsonToJava(JsonReader.java:262)
	at org.scalaide.core.internal.statistics.Statistics.org$scalaide$core$internal$statistics$Statistics$$read(Statistics.scala:74)
	at org.scalaide.core.internal.statistics.Statistics$$anonfun$readStats$1.apply(Statistics.scala:52)
	at org.scalaide.core.internal.statistics.Statistics$$anonfun$readStats$1.apply(Statistics.scala:51)
	at org.scalaide.core.ScalaIdeDataStore$$anonfun$validate$2.apply(ScalaIdeDataStore.scala:59)
	at org.scalaide.util.eclipse.EclipseUtils$$anon$3.run(EclipseUtils.scala:216)
	at org.eclipse.core.runtime.SafeRunner.run(SafeRunner.java:42)
	at org.scalaide.util.eclipse.EclipseUtils$.withSafeRunner(EclipseUtils.scala:212)
	at org.scalaide.core.ScalaIdeDataStore$.validate(ScalaIdeDataStore.scala:58)
	at org.scalaide.core.internal.statistics.Statistics.readStats(Statistics.scala:51)
	at org.scalaide.core.internal.statistics.Statistics.<init>(Statistics.scala:30)
	at org.scalaide.core.internal.ScalaPlugin.stats$lzycompute(ScalaPlugin.scala:136)
	at org.scalaide.core.internal.ScalaPlugin.stats(ScalaPlugin.scala:136)
	at org.scalaide.core.internal.ScalaPlugin.statistics(ScalaPlugin.scala:139)
	at org.scalaide.core.internal.ScalaPlugin.start(ScalaPlugin.scala:110)
	at org.eclipse.osgi.internal.framework.BundleContextImpl$3.run(BundleContextImpl.java:771)
	at org.eclipse.osgi.internal.framework.BundleContextImpl$3.run(BundleContextImpl.java:1)
	at java.security.AccessController.doPrivileged(Native Method)
	at org.eclipse.osgi.internal.framework.BundleContextImpl.startActivator(BundleContextImpl.java:764)
	at org.eclipse.osgi.internal.framework.BundleContextImpl.start(BundleContextImpl.java:721)
	at org.eclipse.osgi.internal.framework.EquinoxBundle.startWorker0(EquinoxBundle.java:936)
	at org.eclipse.osgi.internal.framework.EquinoxBundle$EquinoxModule.startWorker(EquinoxBundle.java:319)
	at org.eclipse.osgi.container.Module.doStart(Module.java:571)
	at org.eclipse.osgi.container.Module.start(Module.java:439)
	at org.eclipse.osgi.framework.util.SecureAction.start(SecureAction.java:454)
	at org.eclipse.osgi.internal.hooks.EclipseLazyStarter.postFindLocalClass(EclipseLazyStarter.java:107)
	at org.eclipse.osgi.internal.loader.classpath.ClasspathManager.findLocalClass(ClasspathManager.java:531)
	at org.eclipse.osgi.internal.loader.ModuleClassLoader.findLocalClass(ModuleClassLoader.java:324)
	at org.eclipse.osgi.internal.loader.BundleLoader.findLocalClass(BundleLoader.java:320)
	at org.eclipse.osgi.internal.loader.BundleLoader.findClassInternal(BundleLoader.java:395)
	at org.eclipse.osgi.internal.loader.BundleLoader.findClass(BundleLoader.java:345)
	at org.eclipse.osgi.internal.loader.BundleLoader.findClass(BundleLoader.java:337)
	at org.eclipse.osgi.internal.loader.ModuleClassLoader.loadClass(ModuleClassLoader.java:160)
	at java.lang.ClassLoader.loadClass(ClassLoader.java:357)
	at org.eclipse.osgi.internal.framework.EquinoxBundle.loadClass(EquinoxBundle.java:568)
	at org.eclipse.core.internal.registry.osgi.RegistryStrategyOSGI.createExecutableExtension(RegistryStrategyOSGI.java:174)
	at org.eclipse.core.internal.registry.ExtensionRegistry.createExecutableExtension(ExtensionRegistry.java:905)
	at org.eclipse.core.internal.registry.ConfigurationElement.createExecutableExtension(ConfigurationElement.java:243)
	at org.eclipse.core.internal.registry.ConfigurationElementHandle.createExecutableExtension(ConfigurationElementHandle.java:55)
	at org.eclipse.jdt.internal.ui.filters.FilterDescriptor$1.run(FilterDescriptor.java:132)
	at org.eclipse.core.runtime.SafeRunner.run(SafeRunner.java:42)
	at org.eclipse.jdt.internal.ui.filters.FilterDescriptor.createViewerFilter(FilterDescriptor.java:136)
	at org.eclipse.jdt.ui.actions.CustomFiltersActionGroup$FilterItem.getFilterInstance(CustomFiltersActionGroup.java:187)
	at org.eclipse.jdt.ui.actions.CustomFiltersActionGroup.updateViewerFilters(CustomFiltersActionGroup.java:516)
	at org.eclipse.jdt.ui.actions.CustomFiltersActionGroup.<init>(CustomFiltersActionGroup.java:275)
	at org.eclipse.jdt.ui.actions.CustomFiltersActionGroup.<init>(CustomFiltersActionGroup.java:241)
	at org.eclipse.jdt.internal.ui.packageview.PackageExplorerActionGroup.<init>(PackageExplorerActionGroup.java:148)
	at org.eclipse.jdt.internal.ui.packageview.PackageExplorerPart.makeActions(PackageExplorerPart.java:804)
	at org.eclipse.jdt.internal.ui.packageview.PackageExplorerPart.createPartControl(PackageExplorerPart.java:505)
	at org.eclipse.ui.internal.e4.compatibility.CompatibilityPart.createPartControl(CompatibilityPart.java:141)
	at org.eclipse.ui.internal.e4.compatibility.CompatibilityView.createPartControl(CompatibilityView.java:155)
	at org.eclipse.ui.internal.e4.compatibility.CompatibilityPart.create(CompatibilityPart.java:327)
	at sun.reflect.NativeMethodAccessorImpl.invoke0(Native Method)
	at sun.reflect.NativeMethodAccessorImpl.invoke(NativeMethodAccessorImpl.java:62)
	at sun.reflect.DelegatingMethodAccessorImpl.invoke(DelegatingMethodAccessorImpl.java:43)
	at java.lang.reflect.Method.invoke(Method.java:497)
	at org.eclipse.e4.core.internal.di.MethodRequestor.execute(MethodRequestor.java:55)
	at org.eclipse.e4.core.internal.di.InjectorImpl.processAnnotated(InjectorImpl.java:888)
	at org.eclipse.e4.core.internal.di.InjectorImpl.processAnnotated(InjectorImpl.java:869)
	at org.eclipse.e4.core.internal.di.InjectorImpl.inject(InjectorImpl.java:120)
	at org.eclipse.e4.core.internal.di.InjectorImpl.internalMake(InjectorImpl.java:337)
	at org.eclipse.e4.core.internal.di.InjectorImpl.make(InjectorImpl.java:258)
	at org.eclipse.e4.core.contexts.ContextInjectionFactory.make(ContextInjectionFactory.java:162)
	at org.eclipse.e4.ui.internal.workbench.ReflectionContributionFactory.createFromBundle(ReflectionContributionFactory.java:104)
	at org.eclipse.e4.ui.internal.workbench.ReflectionContributionFactory.doCreate(ReflectionContributionFactory.java:73)
	at org.eclipse.e4.ui.internal.workbench.ReflectionContributionFactory.create(ReflectionContributionFactory.java:55)
	at org.eclipse.e4.ui.workbench.renderers.swt.ContributedPartRenderer.createWidget(ContributedPartRenderer.java:127)
	at org.eclipse.e4.ui.internal.workbench.swt.PartRenderingEngine.createWidget(PartRenderingEngine.java:983)
	at org.eclipse.e4.ui.internal.workbench.swt.PartRenderingEngine.safeCreateGui(PartRenderingEngine.java:662)
	at org.eclipse.e4.ui.internal.workbench.swt.PartRenderingEngine$6.run(PartRenderingEngine.java:547)
	at org.eclipse.core.runtime.SafeRunner.run(SafeRunner.java:42)
	at org.eclipse.e4.ui.internal.workbench.swt.PartRenderingEngine.createGui(PartRenderingEngine.java:531)
	at org.eclipse.e4.ui.workbench.renderers.swt.ElementReferenceRenderer.createWidget(ElementReferenceRenderer.java:69)
	at org.eclipse.e4.ui.internal.workbench.swt.PartRenderingEngine.createWidget(PartRenderingEngine.java:983)
	at org.eclipse.e4.ui.internal.workbench.swt.PartRenderingEngine.safeCreateGui(PartRenderingEngine.java:662)
	at org.eclipse.e4.ui.internal.workbench.swt.PartRenderingEngine.safeCreateGui(PartRenderingEngine.java:766)
	at org.eclipse.e4.ui.internal.workbench.swt.PartRenderingEngine.access$2(PartRenderingEngine.java:737)
	at org.eclipse.e4.ui.internal.workbench.swt.PartRenderingEngine$7.run(PartRenderingEngine.java:731)
	at org.eclipse.core.runtime.SafeRunner.run(SafeRunner.java:42)
	at org.eclipse.e4.ui.internal.workbench.swt.PartRenderingEngine.createGui(PartRenderingEngine.java:715)
	at org.eclipse.e4.ui.workbench.renderers.swt.StackRenderer.showTab(StackRenderer.java:1246)
	at org.eclipse.e4.ui.workbench.renderers.swt.LazyStackRenderer.postProcess(LazyStackRenderer.java:103)
	at org.eclipse.e4.ui.internal.workbench.swt.PartRenderingEngine.safeCreateGui(PartRenderingEngine.java:678)
	at org.eclipse.e4.ui.internal.workbench.swt.PartRenderingEngine.safeCreateGui(PartRenderingEngine.java:766)
	at org.eclipse.e4.ui.internal.workbench.swt.PartRenderingEngine.access$2(PartRenderingEngine.java:737)
	at org.eclipse.e4.ui.internal.workbench.swt.PartRenderingEngine$7.run(PartRenderingEngine.java:731)
	at org.eclipse.core.runtime.SafeRunner.run(SafeRunner.java:42)
	at org.eclipse.e4.ui.internal.workbench.swt.PartRenderingEngine.createGui(PartRenderingEngine.java:715)
	at org.eclipse.e4.ui.workbench.renderers.swt.SWTPartRenderer.processContents(SWTPartRenderer.java:69)
	at org.eclipse.e4.ui.workbench.renderers.swt.SashRenderer.processContents(SashRenderer.java:185)
	at org.eclipse.e4.ui.internal.workbench.swt.PartRenderingEngine.safeCreateGui(PartRenderingEngine.java:674)
	at org.eclipse.e4.ui.internal.workbench.swt.PartRenderingEngine.safeCreateGui(PartRenderingEngine.java:766)
	at org.eclipse.e4.ui.internal.workbench.swt.PartRenderingEngine.access$2(PartRenderingEngine.java:737)
	at org.eclipse.e4.ui.internal.workbench.swt.PartRenderingEngine$7.run(PartRenderingEngine.java:731)
	at org.eclipse.core.runtime.SafeRunner.run(SafeRunner.java:42)
	at org.eclipse.e4.ui.internal.workbench.swt.PartRenderingEngine.createGui(PartRenderingEngine.java:715)
	at org.eclipse.e4.ui.workbench.renderers.swt.SWTPartRenderer.processContents(SWTPartRenderer.java:69)
	at org.eclipse.e4.ui.workbench.renderers.swt.PerspectiveRenderer.processContents(PerspectiveRenderer.java:49)
	at org.eclipse.e4.ui.internal.workbench.swt.PartRenderingEngine.safeCreateGui(PartRenderingEngine.java:674)
	at org.eclipse.e4.ui.internal.workbench.swt.PartRenderingEngine.safeCreateGui(PartRenderingEngine.java:766)
	at org.eclipse.e4.ui.internal.workbench.swt.PartRenderingEngine.access$2(PartRenderingEngine.java:737)
	at org.eclipse.e4.ui.internal.workbench.swt.PartRenderingEngine$7.run(PartRenderingEngine.java:731)
	at org.eclipse.core.runtime.SafeRunner.run(SafeRunner.java:42)
	at org.eclipse.e4.ui.internal.workbench.swt.PartRenderingEngine.createGui(PartRenderingEngine.java:715)
	at org.eclipse.e4.ui.workbench.renderers.swt.PerspectiveStackRenderer.showTab(PerspectiveStackRenderer.java:103)
	at org.eclipse.e4.ui.workbench.renderers.swt.LazyStackRenderer.postProcess(LazyStackRenderer.java:103)
	at org.eclipse.e4.ui.workbench.renderers.swt.PerspectiveStackRenderer.postProcess(PerspectiveStackRenderer.java:77)
	at org.eclipse.e4.ui.internal.workbench.swt.PartRenderingEngine.safeCreateGui(PartRenderingEngine.java:678)
	at org.eclipse.e4.ui.internal.workbench.swt.PartRenderingEngine.safeCreateGui(PartRenderingEngine.java:766)
	at org.eclipse.e4.ui.internal.workbench.swt.PartRenderingEngine.access$2(PartRenderingEngine.java:737)
	at org.eclipse.e4.ui.internal.workbench.swt.PartRenderingEngine$7.run(PartRenderingEngine.java:731)
	at org.eclipse.core.runtime.SafeRunner.run(SafeRunner.java:42)
	at org.eclipse.e4.ui.internal.workbench.swt.PartRenderingEngine.createGui(PartRenderingEngine.java:715)
	at org.eclipse.e4.ui.workbench.renderers.swt.SWTPartRenderer.processContents(SWTPartRenderer.java:69)
	at org.eclipse.e4.ui.workbench.renderers.swt.SashRenderer.processContents(SashRenderer.java:185)
	at org.eclipse.e4.ui.internal.workbench.swt.PartRenderingEngine.safeCreateGui(PartRenderingEngine.java:674)
	at org.eclipse.e4.ui.internal.workbench.swt.PartRenderingEngine.safeCreateGui(PartRenderingEngine.java:766)
	at org.eclipse.e4.ui.internal.workbench.swt.PartRenderingEngine.access$2(PartRenderingEngine.java:737)
	at org.eclipse.e4.ui.internal.workbench.swt.PartRenderingEngine$7.run(PartRenderingEngine.java:731)
	at org.eclipse.core.runtime.SafeRunner.run(SafeRunner.java:42)
	at org.eclipse.e4.ui.internal.workbench.swt.PartRenderingEngine.createGui(PartRenderingEngine.java:715)
	at org.eclipse.e4.ui.workbench.renderers.swt.SWTPartRenderer.processContents(SWTPartRenderer.java:69)
	at org.eclipse.e4.ui.workbench.renderers.swt.WBWRenderer.processContents(WBWRenderer.java:663)
	at org.eclipse.e4.ui.internal.workbench.swt.PartRenderingEngine.safeCreateGui(PartRenderingEngine.java:674)
	at org.eclipse.e4.ui.internal.workbench.swt.PartRenderingEngine.safeCreateGui(PartRenderingEngine.java:766)
	at org.eclipse.e4.ui.internal.workbench.swt.PartRenderingEngine.access$2(PartRenderingEngine.java:737)
	at org.eclipse.e4.ui.internal.workbench.swt.PartRenderingEngine$7.run(PartRenderingEngine.java:731)
	at org.eclipse.core.runtime.SafeRunner.run(SafeRunner.java:42)
	at org.eclipse.e4.ui.internal.workbench.swt.PartRenderingEngine.createGui(PartRenderingEngine.java:715)
	at org.eclipse.e4.ui.internal.workbench.swt.PartRenderingEngine$9.run(PartRenderingEngine.java:1078)
	at org.eclipse.core.databinding.observable.Realm.runWithDefault(Realm.java:332)
	at org.eclipse.e4.ui.internal.workbench.swt.PartRenderingEngine.run(PartRenderingEngine.java:1032)
	at org.eclipse.e4.ui.internal.workbench.E4Workbench.createAndRunUI(E4Workbench.java:148)
	at org.eclipse.ui.internal.Workbench$5.run(Workbench.java:636)
	at org.eclipse.core.databinding.observable.Realm.runWithDefault(Realm.java:332)
	at org.eclipse.ui.internal.Workbench.createAndRunWorkbench(Workbench.java:579)
	at org.eclipse.ui.PlatformUI.createAndRunWorkbench(PlatformUI.java:150)
	at org.eclipse.ui.internal.ide.application.IDEApplication.start(IDEApplication.java:135)
	at org.eclipse.equinox.internal.app.EclipseAppHandle.run(EclipseAppHandle.java:196)
	at org.eclipse.core.runtime.internal.adaptor.EclipseAppLauncher.runApplication(EclipseAppLauncher.java:134)
	at org.eclipse.core.runtime.internal.adaptor.EclipseAppLauncher.start(EclipseAppLauncher.java:104)
	at org.eclipse.core.runtime.adaptor.EclipseStarter.run(EclipseStarter.java:380)
	at org.eclipse.core.runtime.adaptor.EclipseStarter.run(EclipseStarter.java:235)
	at sun.reflect.NativeMethodAccessorImpl.invoke0(Native Method)
	at sun.reflect.NativeMethodAccessorImpl.invoke(NativeMethodAccessorImpl.java:62)
	at sun.reflect.DelegatingMethodAccessorImpl.invoke(DelegatingMethodAccessorImpl.java:43)
	at java.lang.reflect.Method.invoke(Method.java:497)
	at org.eclipse.equinox.launcher.Main.invokeFramework(Main.java:648)
	at org.eclipse.equinox.launcher.Main.basicRun(Main.java:603)
	at org.eclipse.equinox.launcher.Main.run(Main.java:1465)
Caused by: com.cedarsoftware.util.io.JsonIoException: EOF reached prematurely
	at com.cedarsoftware.util.io.JsonParser.error(JsonParser.java:584)
	at com.cedarsoftware.util.io.JsonParser.readValue(JsonParser.java:278)
	at com.cedarsoftware.util.io.JsonReader.readObject(JsonReader.java:521)
	... 151 more
2015-12-14 19:22:42,409  WARN [main] - org.scala-ide.sdt.core - org.scala-ide.sdt.core - org.scala-ide.sdt.core - 0 - Preference scala.compiler.sourceLevel was uninitialized for recfun, setting default to 2.11.
2015-12-14 19:22:42,410  WARN [main] - org.scala-ide.sdt.core - org.scala-ide.sdt.core - org.scala-ide.sdt.core - 0 - Preference scala.compiler.installation was uninitialized for recfun, setting default to 2.11.
2015-12-14 19:24:55,361  WARN [ModalContext] - ScalaProject - Project HelloWorld has platform default sourceLevel.
2015-12-14 19:24:55,362  WARN [ModalContext] - ScalaProject - Project HelloWorld runs on platform default installation.
2015-12-14 19:24:55,764  WARN [Worker-6] - ScalaProject - Project HelloWorld has platform default sourceLevel.
2015-12-14 19:24:55,764  WARN [Worker-6] - ScalaProject - Project HelloWorld runs on platform default installation.
2015-12-14 19:25:34,170  WARN [main] - ScalaProject - Project HelloWorld has platform default sourceLevel.
2015-12-14 19:25:34,171  WARN [main] - ScalaProject - Project HelloWorld runs on platform default installation.
2015-12-14 19:25:49,126  WARN [main] - ScalaProject - Project HelloWorld has platform default sourceLevel.
2015-12-14 19:25:49,127  WARN [main] - ScalaProject - Project HelloWorld runs on platform default installation.
2015-12-14 19:25:49,358  WARN [Worker-7] - ScalaProject - Project HelloWorld has platform default sourceLevel.
2015-12-14 19:25:49,358  WARN [Worker-7] - ScalaProject - Project HelloWorld runs on platform default installation.
2015-12-14 19:28:12,831  WARN [Worker-7] - ScalaProject - Project HelloWorld has platform default sourceLevel.
2015-12-14 19:28:12,831  WARN [Worker-7] - ScalaProject - Project HelloWorld runs on platform default installation.
2015-12-14 19:41:49,134 ERROR [main] - Statistics - Statistics file `/Users/xiaolichen/.scalaide/statistics` is corrupted. A new one is being created. Corrupted content was:

com.cedarsoftware.util.io.JsonIoException: error parsing JSON value
	at com.cedarsoftware.util.io.JsonReader.readObject(JsonReader.java:529)
	at com.cedarsoftware.util.io.JsonReader.jsonToJava(JsonReader.java:289)
	at com.cedarsoftware.util.io.JsonReader.jsonToJava(JsonReader.java:262)
	at org.scalaide.core.internal.statistics.Statistics.org$scalaide$core$internal$statistics$Statistics$$read(Statistics.scala:74)
	at org.scalaide.core.internal.statistics.Statistics$$anonfun$readStats$1.apply(Statistics.scala:52)
	at org.scalaide.core.internal.statistics.Statistics$$anonfun$readStats$1.apply(Statistics.scala:51)
	at org.scalaide.core.ScalaIdeDataStore$$anonfun$validate$2.apply(ScalaIdeDataStore.scala:59)
	at org.scalaide.util.eclipse.EclipseUtils$$anon$3.run(EclipseUtils.scala:216)
	at org.eclipse.core.runtime.SafeRunner.run(SafeRunner.java:42)
	at org.scalaide.util.eclipse.EclipseUtils$.withSafeRunner(EclipseUtils.scala:212)
	at org.scalaide.core.ScalaIdeDataStore$.validate(ScalaIdeDataStore.scala:58)
	at org.scalaide.core.internal.statistics.Statistics.readStats(Statistics.scala:51)
	at org.scalaide.core.internal.statistics.Statistics.<init>(Statistics.scala:30)
	at org.scalaide.core.internal.ScalaPlugin.stats$lzycompute(ScalaPlugin.scala:136)
	at org.scalaide.core.internal.ScalaPlugin.stats(ScalaPlugin.scala:136)
	at org.scalaide.core.internal.ScalaPlugin.statistics(ScalaPlugin.scala:139)
	at org.scalaide.core.internal.ScalaPlugin.start(ScalaPlugin.scala:110)
	at org.eclipse.osgi.internal.framework.BundleContextImpl$3.run(BundleContextImpl.java:771)
	at org.eclipse.osgi.internal.framework.BundleContextImpl$3.run(BundleContextImpl.java:1)
	at java.security.AccessController.doPrivileged(Native Method)
	at org.eclipse.osgi.internal.framework.BundleContextImpl.startActivator(BundleContextImpl.java:764)
	at org.eclipse.osgi.internal.framework.BundleContextImpl.start(BundleContextImpl.java:721)
	at org.eclipse.osgi.internal.framework.EquinoxBundle.startWorker0(EquinoxBundle.java:936)
	at org.eclipse.osgi.internal.framework.EquinoxBundle$EquinoxModule.startWorker(EquinoxBundle.java:319)
	at org.eclipse.osgi.container.Module.doStart(Module.java:571)
	at org.eclipse.osgi.container.Module.start(Module.java:439)
	at org.eclipse.osgi.framework.util.SecureAction.start(SecureAction.java:454)
	at org.eclipse.osgi.internal.hooks.EclipseLazyStarter.postFindLocalClass(EclipseLazyStarter.java:107)
	at org.eclipse.osgi.internal.loader.classpath.ClasspathManager.findLocalClass(ClasspathManager.java:531)
	at org.eclipse.osgi.internal.loader.ModuleClassLoader.findLocalClass(ModuleClassLoader.java:324)
	at org.eclipse.osgi.internal.loader.BundleLoader.findLocalClass(BundleLoader.java:320)
	at org.eclipse.osgi.internal.loader.BundleLoader.findClassInternal(BundleLoader.java:395)
	at org.eclipse.osgi.internal.loader.BundleLoader.findClass(BundleLoader.java:345)
	at org.eclipse.osgi.internal.loader.BundleLoader.findClass(BundleLoader.java:337)
	at org.eclipse.osgi.internal.loader.ModuleClassLoader.loadClass(ModuleClassLoader.java:160)
	at java.lang.ClassLoader.loadClass(ClassLoader.java:357)
	at org.eclipse.osgi.internal.framework.EquinoxBundle.loadClass(EquinoxBundle.java:568)
	at org.eclipse.core.internal.registry.osgi.RegistryStrategyOSGI.createExecutableExtension(RegistryStrategyOSGI.java:174)
	at org.eclipse.core.internal.registry.ExtensionRegistry.createExecutableExtension(ExtensionRegistry.java:905)
	at org.eclipse.core.internal.registry.ConfigurationElement.createExecutableExtension(ConfigurationElement.java:243)
	at org.eclipse.core.internal.registry.ConfigurationElementHandle.createExecutableExtension(ConfigurationElementHandle.java:55)
	at org.eclipse.ui.internal.WorkbenchPlugin$1.run(WorkbenchPlugin.java:294)
	at org.eclipse.swt.custom.BusyIndicator.showWhile(BusyIndicator.java:70)
	at org.eclipse.ui.internal.WorkbenchPlugin.createExtension(WorkbenchPlugin.java:289)
	at org.eclipse.ui.internal.registry.EditorDescriptor.createEditor(EditorDescriptor.java:235)
	at org.eclipse.ui.internal.EditorReference.createPart(EditorReference.java:349)
	at org.eclipse.ui.internal.e4.compatibility.CompatibilityPart.createPart(CompatibilityPart.java:265)
	at org.eclipse.ui.internal.e4.compatibility.CompatibilityEditor.createPart(CompatibilityEditor.java:63)
	at org.eclipse.ui.internal.e4.compatibility.CompatibilityPart.create(CompatibilityPart.java:303)
	at sun.reflect.NativeMethodAccessorImpl.invoke0(Native Method)
	at sun.reflect.NativeMethodAccessorImpl.invoke(NativeMethodAccessorImpl.java:62)
	at sun.reflect.DelegatingMethodAccessorImpl.invoke(DelegatingMethodAccessorImpl.java:43)
	at java.lang.reflect.Method.invoke(Method.java:497)
	at org.eclipse.e4.core.internal.di.MethodRequestor.execute(MethodRequestor.java:55)
	at org.eclipse.e4.core.internal.di.InjectorImpl.processAnnotated(InjectorImpl.java:888)
	at org.eclipse.e4.core.internal.di.InjectorImpl.processAnnotated(InjectorImpl.java:869)
	at org.eclipse.e4.core.internal.di.InjectorImpl.inject(InjectorImpl.java:120)
	at org.eclipse.e4.core.internal.di.InjectorImpl.internalMake(InjectorImpl.java:337)
	at org.eclipse.e4.core.internal.di.InjectorImpl.make(InjectorImpl.java:258)
	at org.eclipse.e4.core.contexts.ContextInjectionFactory.make(ContextInjectionFactory.java:162)
	at org.eclipse.e4.ui.internal.workbench.ReflectionContributionFactory.createFromBundle(ReflectionContributionFactory.java:104)
	at org.eclipse.e4.ui.internal.workbench.ReflectionContributionFactory.doCreate(ReflectionContributionFactory.java:73)
	at org.eclipse.e4.ui.internal.workbench.ReflectionContributionFactory.create(ReflectionContributionFactory.java:55)
	at org.eclipse.e4.ui.workbench.renderers.swt.ContributedPartRenderer.createWidget(ContributedPartRenderer.java:127)
	at org.eclipse.e4.ui.internal.workbench.swt.PartRenderingEngine.createWidget(PartRenderingEngine.java:983)
	at org.eclipse.e4.ui.internal.workbench.swt.PartRenderingEngine.safeCreateGui(PartRenderingEngine.java:662)
	at org.eclipse.e4.ui.internal.workbench.swt.PartRenderingEngine.safeCreateGui(PartRenderingEngine.java:766)
	at org.eclipse.e4.ui.internal.workbench.swt.PartRenderingEngine.access$2(PartRenderingEngine.java:737)
	at org.eclipse.e4.ui.internal.workbench.swt.PartRenderingEngine$7.run(PartRenderingEngine.java:731)
	at org.eclipse.core.runtime.SafeRunner.run(SafeRunner.java:42)
	at org.eclipse.e4.ui.internal.workbench.swt.PartRenderingEngine.createGui(PartRenderingEngine.java:715)
	at org.eclipse.e4.ui.workbench.renderers.swt.StackRenderer.showTab(StackRenderer.java:1246)
	at org.eclipse.e4.ui.workbench.renderers.swt.LazyStackRenderer.postProcess(LazyStackRenderer.java:103)
	at org.eclipse.e4.ui.internal.workbench.swt.PartRenderingEngine.safeCreateGui(PartRenderingEngine.java:678)
	at org.eclipse.e4.ui.internal.workbench.swt.PartRenderingEngine.safeCreateGui(PartRenderingEngine.java:766)
	at org.eclipse.e4.ui.internal.workbench.swt.PartRenderingEngine.access$2(PartRenderingEngine.java:737)
	at org.eclipse.e4.ui.internal.workbench.swt.PartRenderingEngine$7.run(PartRenderingEngine.java:731)
	at org.eclipse.core.runtime.SafeRunner.run(SafeRunner.java:42)
	at org.eclipse.e4.ui.internal.workbench.swt.PartRenderingEngine.createGui(PartRenderingEngine.java:715)
	at org.eclipse.e4.ui.workbench.renderers.swt.SWTPartRenderer.processContents(SWTPartRenderer.java:69)
	at org.eclipse.e4.ui.internal.workbench.swt.PartRenderingEngine.safeCreateGui(PartRenderingEngine.java:674)
	at org.eclipse.e4.ui.internal.workbench.swt.PartRenderingEngine$6.run(PartRenderingEngine.java:547)
	at org.eclipse.core.runtime.SafeRunner.run(SafeRunner.java:42)
	at org.eclipse.e4.ui.internal.workbench.swt.PartRenderingEngine.createGui(PartRenderingEngine.java:531)
	at org.eclipse.e4.ui.workbench.renderers.swt.ElementReferenceRenderer.createWidget(ElementReferenceRenderer.java:69)
	at org.eclipse.e4.ui.internal.workbench.swt.PartRenderingEngine.createWidget(PartRenderingEngine.java:983)
	at org.eclipse.e4.ui.internal.workbench.swt.PartRenderingEngine.safeCreateGui(PartRenderingEngine.java:662)
	at org.eclipse.e4.ui.internal.workbench.swt.PartRenderingEngine.safeCreateGui(PartRenderingEngine.java:766)
	at org.eclipse.e4.ui.internal.workbench.swt.PartRenderingEngine.access$2(PartRenderingEngine.java:737)
	at org.eclipse.e4.ui.internal.workbench.swt.PartRenderingEngine$7.run(PartRenderingEngine.java:731)
	at org.eclipse.core.runtime.SafeRunner.run(SafeRunner.java:42)
	at org.eclipse.e4.ui.internal.workbench.swt.PartRenderingEngine.createGui(PartRenderingEngine.java:715)
	at org.eclipse.e4.ui.workbench.renderers.swt.SWTPartRenderer.processContents(SWTPartRenderer.java:69)
	at org.eclipse.e4.ui.workbench.renderers.swt.SashRenderer.processContents(SashRenderer.java:185)
	at org.eclipse.e4.ui.internal.workbench.swt.PartRenderingEngine.safeCreateGui(PartRenderingEngine.java:674)
	at org.eclipse.e4.ui.internal.workbench.swt.PartRenderingEngine.safeCreateGui(PartRenderingEngine.java:766)
	at org.eclipse.e4.ui.internal.workbench.swt.PartRenderingEngine.access$2(PartRenderingEngine.java:737)
	at org.eclipse.e4.ui.internal.workbench.swt.PartRenderingEngine$7.run(PartRenderingEngine.java:731)
	at org.eclipse.core.runtime.SafeRunner.run(SafeRunner.java:42)
	at org.eclipse.e4.ui.internal.workbench.swt.PartRenderingEngine.createGui(PartRenderingEngine.java:715)
	at org.eclipse.e4.ui.workbench.renderers.swt.SWTPartRenderer.processContents(SWTPartRenderer.java:69)
	at org.eclipse.e4.ui.workbench.renderers.swt.SashRenderer.processContents(SashRenderer.java:185)
	at org.eclipse.e4.ui.internal.workbench.swt.PartRenderingEngine.safeCreateGui(PartRenderingEngine.java:674)
	at org.eclipse.e4.ui.internal.workbench.swt.PartRenderingEngine.safeCreateGui(PartRenderingEngine.java:766)
	at org.eclipse.e4.ui.internal.workbench.swt.PartRenderingEngine.access$2(PartRenderingEngine.java:737)
	at org.eclipse.e4.ui.internal.workbench.swt.PartRenderingEngine$7.run(PartRenderingEngine.java:731)
	at org.eclipse.core.runtime.SafeRunner.run(SafeRunner.java:42)
	at org.eclipse.e4.ui.internal.workbench.swt.PartRenderingEngine.createGui(PartRenderingEngine.java:715)
	at org.eclipse.e4.ui.workbench.renderers.swt.SWTPartRenderer.processContents(SWTPartRenderer.java:69)
	at org.eclipse.e4.ui.workbench.renderers.swt.SashRenderer.processContents(SashRenderer.java:185)
	at org.eclipse.e4.ui.internal.workbench.swt.PartRenderingEngine.safeCreateGui(PartRenderingEngine.java:674)
	at org.eclipse.e4.ui.internal.workbench.swt.PartRenderingEngine.safeCreateGui(PartRenderingEngine.java:766)
	at org.eclipse.e4.ui.internal.workbench.swt.PartRenderingEngine.access$2(PartRenderingEngine.java:737)
	at org.eclipse.e4.ui.internal.workbench.swt.PartRenderingEngine$7.run(PartRenderingEngine.java:731)
	at org.eclipse.core.runtime.SafeRunner.run(SafeRunner.java:42)
	at org.eclipse.e4.ui.internal.workbench.swt.PartRenderingEngine.createGui(PartRenderingEngine.java:715)
	at org.eclipse.e4.ui.workbench.renderers.swt.SWTPartRenderer.processContents(SWTPartRenderer.java:69)
	at org.eclipse.e4.ui.workbench.renderers.swt.SashRenderer.processContents(SashRenderer.java:185)
	at org.eclipse.e4.ui.internal.workbench.swt.PartRenderingEngine.safeCreateGui(PartRenderingEngine.java:674)
	at org.eclipse.e4.ui.internal.workbench.swt.PartRenderingEngine.safeCreateGui(PartRenderingEngine.java:766)
	at org.eclipse.e4.ui.internal.workbench.swt.PartRenderingEngine.access$2(PartRenderingEngine.java:737)
	at org.eclipse.e4.ui.internal.workbench.swt.PartRenderingEngine$7.run(PartRenderingEngine.java:731)
	at org.eclipse.core.runtime.SafeRunner.run(SafeRunner.java:42)
	at org.eclipse.e4.ui.internal.workbench.swt.PartRenderingEngine.createGui(PartRenderingEngine.java:715)
	at org.eclipse.e4.ui.workbench.renderers.swt.SWTPartRenderer.processContents(SWTPartRenderer.java:69)
	at org.eclipse.e4.ui.workbench.renderers.swt.PerspectiveRenderer.processContents(PerspectiveRenderer.java:49)
	at org.eclipse.e4.ui.internal.workbench.swt.PartRenderingEngine.safeCreateGui(PartRenderingEngine.java:674)
	at org.eclipse.e4.ui.internal.workbench.swt.PartRenderingEngine.safeCreateGui(PartRenderingEngine.java:766)
	at org.eclipse.e4.ui.internal.workbench.swt.PartRenderingEngine.access$2(PartRenderingEngine.java:737)
	at org.eclipse.e4.ui.internal.workbench.swt.PartRenderingEngine$7.run(PartRenderingEngine.java:731)
	at org.eclipse.core.runtime.SafeRunner.run(SafeRunner.java:42)
	at org.eclipse.e4.ui.internal.workbench.swt.PartRenderingEngine.createGui(PartRenderingEngine.java:715)
	at org.eclipse.e4.ui.workbench.renderers.swt.PerspectiveStackRenderer.showTab(PerspectiveStackRenderer.java:103)
	at org.eclipse.e4.ui.workbench.renderers.swt.LazyStackRenderer.postProcess(LazyStackRenderer.java:103)
	at org.eclipse.e4.ui.workbench.renderers.swt.PerspectiveStackRenderer.postProcess(PerspectiveStackRenderer.java:77)
	at org.eclipse.e4.ui.internal.workbench.swt.PartRenderingEngine.safeCreateGui(PartRenderingEngine.java:678)
	at org.eclipse.e4.ui.internal.workbench.swt.PartRenderingEngine.safeCreateGui(PartRenderingEngine.java:766)
	at org.eclipse.e4.ui.internal.workbench.swt.PartRenderingEngine.access$2(PartRenderingEngine.java:737)
	at org.eclipse.e4.ui.internal.workbench.swt.PartRenderingEngine$7.run(PartRenderingEngine.java:731)
	at org.eclipse.core.runtime.SafeRunner.run(SafeRunner.java:42)
	at org.eclipse.e4.ui.internal.workbench.swt.PartRenderingEngine.createGui(PartRenderingEngine.java:715)
	at org.eclipse.e4.ui.workbench.renderers.swt.SWTPartRenderer.processContents(SWTPartRenderer.java:69)
	at org.eclipse.e4.ui.workbench.renderers.swt.SashRenderer.processContents(SashRenderer.java:185)
	at org.eclipse.e4.ui.internal.workbench.swt.PartRenderingEngine.safeCreateGui(PartRenderingEngine.java:674)
	at org.eclipse.e4.ui.internal.workbench.swt.PartRenderingEngine.safeCreateGui(PartRenderingEngine.java:766)
	at org.eclipse.e4.ui.internal.workbench.swt.PartRenderingEngine.access$2(PartRenderingEngine.java:737)
	at org.eclipse.e4.ui.internal.workbench.swt.PartRenderingEngine$7.run(PartRenderingEngine.java:731)
	at org.eclipse.core.runtime.SafeRunner.run(SafeRunner.java:42)
	at org.eclipse.e4.ui.internal.workbench.swt.PartRenderingEngine.createGui(PartRenderingEngine.java:715)
	at org.eclipse.e4.ui.workbench.renderers.swt.SWTPartRenderer.processContents(SWTPartRenderer.java:69)
	at org.eclipse.e4.ui.workbench.renderers.swt.WBWRenderer.processContents(WBWRenderer.java:663)
	at org.eclipse.e4.ui.internal.workbench.swt.PartRenderingEngine.safeCreateGui(PartRenderingEngine.java:674)
	at org.eclipse.e4.ui.internal.workbench.swt.PartRenderingEngine.safeCreateGui(PartRenderingEngine.java:766)
	at org.eclipse.e4.ui.internal.workbench.swt.PartRenderingEngine.access$2(PartRenderingEngine.java:737)
	at org.eclipse.e4.ui.internal.workbench.swt.PartRenderingEngine$7.run(PartRenderingEngine.java:731)
	at org.eclipse.core.runtime.SafeRunner.run(SafeRunner.java:42)
	at org.eclipse.e4.ui.internal.workbench.swt.PartRenderingEngine.createGui(PartRenderingEngine.java:715)
	at org.eclipse.e4.ui.internal.workbench.swt.PartRenderingEngine$9.run(PartRenderingEngine.java:1078)
	at org.eclipse.core.databinding.observable.Realm.runWithDefault(Realm.java:332)
	at org.eclipse.e4.ui.internal.workbench.swt.PartRenderingEngine.run(PartRenderingEngine.java:1032)
	at org.eclipse.e4.ui.internal.workbench.E4Workbench.createAndRunUI(E4Workbench.java:148)
	at org.eclipse.ui.internal.Workbench$5.run(Workbench.java:636)
	at org.eclipse.core.databinding.observable.Realm.runWithDefault(Realm.java:332)
	at org.eclipse.ui.internal.Workbench.createAndRunWorkbench(Workbench.java:579)
	at org.eclipse.ui.PlatformUI.createAndRunWorkbench(PlatformUI.java:150)
	at org.eclipse.ui.internal.ide.application.IDEApplication.start(IDEApplication.java:135)
	at org.eclipse.equinox.internal.app.EclipseAppHandle.run(EclipseAppHandle.java:196)
	at org.eclipse.core.runtime.internal.adaptor.EclipseAppLauncher.runApplication(EclipseAppLauncher.java:134)
	at org.eclipse.core.runtime.internal.adaptor.EclipseAppLauncher.start(EclipseAppLauncher.java:104)
	at org.eclipse.core.runtime.adaptor.EclipseStarter.run(EclipseStarter.java:380)
	at org.eclipse.core.runtime.adaptor.EclipseStarter.run(EclipseStarter.java:235)
	at sun.reflect.NativeMethodAccessorImpl.invoke0(Native Method)
	at sun.reflect.NativeMethodAccessorImpl.invoke(NativeMethodAccessorImpl.java:62)
	at sun.reflect.DelegatingMethodAccessorImpl.invoke(DelegatingMethodAccessorImpl.java:43)
	at java.lang.reflect.Method.invoke(Method.java:497)
	at org.eclipse.equinox.launcher.Main.invokeFramework(Main.java:648)
	at org.eclipse.equinox.launcher.Main.basicRun(Main.java:603)
	at org.eclipse.equinox.launcher.Main.run(Main.java:1465)
Caused by: com.cedarsoftware.util.io.JsonIoException: EOF reached prematurely
	at com.cedarsoftware.util.io.JsonParser.error(JsonParser.java:584)
	at com.cedarsoftware.util.io.JsonParser.readValue(JsonParser.java:278)
	at com.cedarsoftware.util.io.JsonReader.readObject(JsonReader.java:521)
	... 177 more
2015-12-14 19:41:49,944  WARN [main] - ScalaProject - Project HelloWorld has platform default sourceLevel.
2015-12-14 19:41:49,945  WARN [main] - ScalaProject - Project HelloWorld runs on platform default installation.
2015-12-14 19:41:49,948  WARN [main] - ScalaProject - Project HelloWorld has platform default sourceLevel.
2015-12-14 19:41:49,949  WARN [main] - ScalaProject - Project HelloWorld runs on platform default installation.
2015-12-14 19:41:54,835  WARN [main] - org.scala-ide.sdt.core - org.scala-ide.sdt.core - org.scala-ide.sdt.core - 0 - Preference scala.compiler.sourceLevel was uninitialized for example, setting default to 2.11.
2015-12-14 19:41:54,835  WARN [main] - org.scala-ide.sdt.core - org.scala-ide.sdt.core - org.scala-ide.sdt.core - 0 - Preference scala.compiler.installation was uninitialized for example, setting default to 2.11.
